running develop
running egg_info
creating mecanumbot_core.egg-info
writing mecanumbot_core.egg-info/PKG-INFO
writing dependency_links to mecanumbot_core.egg-info/dependency_links.txt
writing entry points to mecanumbot_core.egg-info/entry_points.txt
writing requirements to mecanumbot_core.egg-info/requires.txt
writing top-level names to mecanumbot_core.egg-info/top_level.txt
writing manifest file 'mecanumbot_core.egg-info/SOURCES.txt'
reading manifest file 'mecanumbot_core.egg-info/SOURCES.txt'
writing manifest file 'mecanumbot_core.egg-info/SOURCES.txt'
running build_ext
Creating /home/rehawild/Desktop/mecanumbot_new/install/mecanumbot_core/lib/python3.10/site-packages/mecanumbot-core.egg-link (link to .)
Installing mecanumbot_io_node script to /home/rehawild/Desktop/mecanumbot_new/install/mecanumbot_core/lib/mecanumbot_core
Installing mecanumbot_sensorproc_node script to /home/rehawild/Desktop/mecanumbot_new/install/mecanumbot_core/lib/mecanumbot_core

Installed /home/rehawild/Desktop/mecanumbot_new/build/mecanumbot_core
running symlink_data
creating /home/rehawild/Desktop/mecanumbot_new/install/mecanumbot_core/share/ament_index
creating /home/rehawild/Desktop/mecanumbot_new/install/mecanumbot_core/share/ament_index/resource_index
creating /home/rehawild/Desktop/mecanumbot_new/install/mecanumbot_core/share/ament_index/resource_index/packages
symbolically linking /home/rehawild/Desktop/mecanumbot_new/build/mecanumbot_core/resource/mecanumbot_core -> /home/rehawild/Desktop/mecanumbot_new/install/mecanumbot_core/share/ament_index/resource_index/packages
symbolically linking /home/rehawild/Desktop/mecanumbot_new/build/mecanumbot_core/package.xml -> /home/rehawild/Desktop/mecanumbot_new/install/mecanumbot_core/share/mecanumbot_core
