[1.784s] Invoking command in '/home/rehawild/Desktop/mecanumbot_new/build/mecanumbot_led': CMAKE_PREFIX_PATH=/home/rehawild/Desktop/mecanumbot_new/install/mecanumbot_msgs:/home/rehawild/Desktop/mecanumbot_new/install/mecanumbot:/home/rehawild/Desktop/mecanumbot_new/install/mecanumbot_bringup:/home/rehawild/Desktop/mecanumbot_new/install/mecanumbot_description:/home/rehawild/Desktop/mecanumbot_new/install/mecanumbot_behaviours PYTHONPATH=/home/rehawild/Desktop/mecanumbot_new/build/mecanumbot_led/prefix_override:/usr/lib/python3/dist-packages/colcon_core/task/python/colcon_distutils_commands:/home/rehawild/Desktop/mecanumbot_new/install/mecanumbot_led/lib/python3.10/site-packages:${PYTHONPATH} /usr/bin/python3 -W ignore:setup.py install is deprecated -W ignore:easy_install command is deprecated setup.py develop --editable --build-directory /home/rehawild/Desktop/mecanumbot_new/build/mecanumbot_led/build --no-deps symlink_data
[2.188s] running develop
[2.387s] running egg_info
[2.388s] creating mecanumbot_led.egg-info
[2.389s] writing mecanumbot_led.egg-info/PKG-INFO
[2.390s] writing dependency_links to mecanumbot_led.egg-info/dependency_links.txt
[2.392s] writing entry points to mecanumbot_led.egg-info/entry_points.txt
[2.392s] writing requirements to mecanumbot_led.egg-info/requires.txt
[2.393s] writing top-level names to mecanumbot_led.egg-info/top_level.txt
[2.393s] writing manifest file 'mecanumbot_led.egg-info/SOURCES.txt'
[2.400s] reading manifest file 'mecanumbot_led.egg-info/SOURCES.txt'
[2.408s] writing manifest file 'mecanumbot_led.egg-info/SOURCES.txt'
[2.410s] running build_ext
[2.411s] Creating /home/rehawild/Desktop/mecanumbot_new/install/mecanumbot_led/lib/python3.10/site-packages/mecanumbot-led.egg-link (link to .)
[2.415s] Installing mecanumbot_led_service script to /home/rehawild/Desktop/mecanumbot_new/install/mecanumbot_led/lib/mecanumbot_led
[2.416s] 
[2.417s] Installed /home/rehawild/Desktop/mecanumbot_new/build/mecanumbot_led
[2.418s] running symlink_data
[2.419s] creating /home/rehawild/Desktop/mecanumbot_new/install/mecanumbot_led/share/ament_index
[2.419s] creating /home/rehawild/Desktop/mecanumbot_new/install/mecanumbot_led/share/ament_index/resource_index
[2.419s] creating /home/rehawild/Desktop/mecanumbot_new/install/mecanumbot_led/share/ament_index/resource_index/packages
[2.419s] symbolically linking /home/rehawild/Desktop/mecanumbot_new/build/mecanumbot_led/resource/mecanumbot_led -> /home/rehawild/Desktop/mecanumbot_new/install/mecanumbot_led/share/ament_index/resource_index/packages
[2.419s] symbolically linking /home/rehawild/Desktop/mecanumbot_new/build/mecanumbot_led/package.xml -> /home/rehawild/Desktop/mecanumbot_new/install/mecanumbot_led/share/mecanumbot_led
[2.487s] Invoked command in '/home/rehawild/Desktop/mecanumbot_new/build/mecanumbot_led' returned '0': CMAKE_PREFIX_PATH=/home/rehawild/Desktop/mecanumbot_new/install/mecanumbot_msgs:/home/rehawild/Desktop/mecanumbot_new/install/mecanumbot:/home/rehawild/Desktop/mecanumbot_new/install/mecanumbot_bringup:/home/rehawild/Desktop/mecanumbot_new/install/mecanumbot_description:/home/rehawild/Desktop/mecanumbot_new/install/mecanumbot_behaviours PYTHONPATH=/home/rehawild/Desktop/mecanumbot_new/build/mecanumbot_led/prefix_override:/usr/lib/python3/dist-packages/colcon_core/task/python/colcon_distutils_commands:/home/rehawild/Desktop/mecanumbot_new/install/mecanumbot_led/lib/python3.10/site-packages:${PYTHONPATH} /usr/bin/python3 -W ignore:setup.py install is deprecated -W ignore:easy_install command is deprecated setup.py develop --editable --build-directory /home/rehawild/Desktop/mecanumbot_new/build/mecanumbot_led/build --no-deps symlink_data
