running develop
running egg_info
creating mecanumbot_teleop.egg-info
writing mecanumbot_teleop.egg-info/PKG-INFO
writing dependency_links to mecanumbot_teleop.egg-info/dependency_links.txt
writing entry points to mecanumbot_teleop.egg-info/entry_points.txt
writing requirements to mecanumbot_teleop.egg-info/requires.txt
writing top-level names to mecanumbot_teleop.egg-info/top_level.txt
writing manifest file 'mecanumbot_teleop.egg-info/SOURCES.txt'
reading manifest file 'mecanumbot_teleop.egg-info/SOURCES.txt'
writing manifest file 'mecanumbot_teleop.egg-info/SOURCES.txt'
running build_ext
Creating /home/rehawild/Desktop/mecanumbot_new/install/mecanumbot_teleop/lib/python3.10/site-packages/mecanumbot-teleop.egg-link (link to .)
Installing mecanumbot_joystick script to /home/rehawild/Desktop/mecanumbot_new/install/mecanumbot_teleop/lib/mecanumbot_teleop
Installing mecanumbot_keyboard script to /home/rehawild/Desktop/mecanumbot_new/install/mecanumbot_teleop/lib/mecanumbot_teleop

Installed /home/rehawild/Desktop/mecanumbot_new/build/mecanumbot_teleop
running symlink_data
creating /home/rehawild/Desktop/mecanumbot_new/install/mecanumbot_teleop/share/ament_index
creating /home/rehawild/Desktop/mecanumbot_new/install/mecanumbot_teleop/share/ament_index/resource_index
creating /home/rehawild/Desktop/mecanumbot_new/install/mecanumbot_teleop/share/ament_index/resource_index/packages
symbolically linking /home/rehawild/Desktop/mecanumbot_new/build/mecanumbot_teleop/resource/mecanumbot_teleop -> /home/rehawild/Desktop/mecanumbot_new/install/mecanumbot_teleop/share/ament_index/resource_index/packages
symbolically linking /home/rehawild/Desktop/mecanumbot_new/build/mecanumbot_teleop/package.xml -> /home/rehawild/Desktop/mecanumbot_new/install/mecanumbot_teleop/share/mecanumbot_teleop
creating /home/rehawild/Desktop/mecanumbot_new/install/mecanumbot_teleop/share/mecanumbot_teleop/launch
symbolically linking /home/rehawild/Desktop/mecanumbot_new/build/mecanumbot_teleop/launch/launch_joy_teleop.launch.py -> /home/rehawild/Desktop/mecanumbot_new/install/mecanumbot_teleop/share/mecanumbot_teleop/launch
