[1.693s] Invoking command in '/home/rehawild/Desktop/mecanumbot_new/build/mecanumbot_teleop': CMAKE_PREFIX_PATH=/home/rehawild/Desktop/mecanumbot_new/install/mecanumbot_msgs:/home/rehawild/Desktop/mecanumbot_new/install/mecanumbot:/home/rehawild/Desktop/mecanumbot_new/install/mecanumbot_bringup:/home/rehawild/Desktop/mecanumbot_new/install/mecanumbot_description:/home/rehawild/Desktop/mecanumbot_new/install/mecanumbot_behaviours PYTHONPATH=/home/rehawild/Desktop/mecanumbot_new/build/mecanumbot_teleop/prefix_override:/usr/lib/python3/dist-packages/colcon_core/task/python/colcon_distutils_commands:/home/rehawild/Desktop/mecanumbot_new/install/mecanumbot_teleop/lib/python3.10/site-packages:${PYTHONPATH} /usr/bin/python3 -W ignore:setup.py install is deprecated -W ignore:easy_install command is deprecated setup.py develop --editable --build-directory /home/rehawild/Desktop/mecanumbot_new/build/mecanumbot_teleop/build --no-deps symlink_data
[2.148s] running develop
[2.401s] running egg_info
[2.401s] creating mecanumbot_teleop.egg-info
[2.402s] writing mecanumbot_teleop.egg-info/PKG-INFO
[2.403s] writing dependency_links to mecanumbot_teleop.egg-info/dependency_links.txt
[2.403s] writing entry points to mecanumbot_teleop.egg-info/entry_points.txt
[2.404s] writing requirements to mecanumbot_teleop.egg-info/requires.txt
[2.404s] writing top-level names to mecanumbot_teleop.egg-info/top_level.txt
[2.404s] writing manifest file 'mecanumbot_teleop.egg-info/SOURCES.txt'
[2.409s] reading manifest file 'mecanumbot_teleop.egg-info/SOURCES.txt'
[2.410s] writing manifest file 'mecanumbot_teleop.egg-info/SOURCES.txt'
[2.414s] running build_ext
[2.415s] Creating /home/rehawild/Desktop/mecanumbot_new/install/mecanumbot_teleop/lib/python3.10/site-packages/mecanumbot-teleop.egg-link (link to .)
[2.417s] Installing mecanumbot_joystick script to /home/rehawild/Desktop/mecanumbot_new/install/mecanumbot_teleop/lib/mecanumbot_teleop
[2.419s] Installing mecanumbot_keyboard script to /home/rehawild/Desktop/mecanumbot_new/install/mecanumbot_teleop/lib/mecanumbot_teleop
[2.419s] 
[2.420s] Installed /home/rehawild/Desktop/mecanumbot_new/build/mecanumbot_teleop
[2.420s] running symlink_data
[2.420s] creating /home/rehawild/Desktop/mecanumbot_new/install/mecanumbot_teleop/share/ament_index
[2.420s] creating /home/rehawild/Desktop/mecanumbot_new/install/mecanumbot_teleop/share/ament_index/resource_index
[2.420s] creating /home/rehawild/Desktop/mecanumbot_new/install/mecanumbot_teleop/share/ament_index/resource_index/packages
[2.420s] symbolically linking /home/rehawild/Desktop/mecanumbot_new/build/mecanumbot_teleop/resource/mecanumbot_teleop -> /home/rehawild/Desktop/mecanumbot_new/install/mecanumbot_teleop/share/ament_index/resource_index/packages
[2.421s] symbolically linking /home/rehawild/Desktop/mecanumbot_new/build/mecanumbot_teleop/package.xml -> /home/rehawild/Desktop/mecanumbot_new/install/mecanumbot_teleop/share/mecanumbot_teleop
[2.421s] creating /home/rehawild/Desktop/mecanumbot_new/install/mecanumbot_teleop/share/mecanumbot_teleop/launch
[2.421s] symbolically linking /home/rehawild/Desktop/mecanumbot_new/build/mecanumbot_teleop/launch/launch_joy_teleop.launch.py -> /home/rehawild/Desktop/mecanumbot_new/install/mecanumbot_teleop/share/mecanumbot_teleop/launch
[2.477s] Invoked command in '/home/rehawild/Desktop/mecanumbot_new/build/mecanumbot_teleop' returned '0': CMAKE_PREFIX_PATH=/home/rehawild/Desktop/mecanumbot_new/install/mecanumbot_msgs:/home/rehawild/Desktop/mecanumbot_new/install/mecanumbot:/home/rehawild/Desktop/mecanumbot_new/install/mecanumbot_bringup:/home/rehawild/Desktop/mecanumbot_new/install/mecanumbot_description:/home/rehawild/Desktop/mecanumbot_new/install/mecanumbot_behaviours PYTHONPATH=/home/rehawild/Desktop/mecanumbot_new/build/mecanumbot_teleop/prefix_override:/usr/lib/python3/dist-packages/colcon_core/task/python/colcon_distutils_commands:/home/rehawild/Desktop/mecanumbot_new/install/mecanumbot_teleop/lib/python3.10/site-packages:${PYTHONPATH} /usr/bin/python3 -W ignore:setup.py install is deprecated -W ignore:easy_install command is deprecated setup.py develop --editable --build-directory /home/rehawild/Desktop/mecanumbot_new/build/mecanumbot_teleop/build --no-deps symlink_data
