-- The C compiler identification is GNU 11.4.0
-- The CXX compiler identification is GNU 11.4.0
-- Detecting C compiler ABI info
-- Detecting C compiler ABI info - done
-- Check for working C compiler: /usr/bin/cc - skipped
-- Detecting C compile features
-- Detecting C compile features - done
-- Detecting CXX compiler ABI info
-- Detecting CXX compiler ABI info - done
-- Check for working CXX compiler: /usr/bin/c++ - skipped
-- Detecting CXX compile features
-- Detecting CXX compile features - done
-- Found ament_cmake: 1.3.13 (/opt/ros/humble/share/ament_cmake/cmake)
-- Found Python3: /usr/bin/python3 (found version "3.10.12") found components: Interpreter 
-- Override CMake install command with custom implementation using symlinks instead of copying resources
-- Configuring done
-- Generating done
-- Build files have been written to: /home/rehawild/Desktop/mecanumbot_new/build/mecanumbot_bringup
-- Install configuration: ""
-- Execute custom install script
-- Symlinking: /home/rehawild/Desktop/mecanumbot_new/install/mecanumbot_bringup/share/mecanumbot_bringup/launch/Eto_launch_external.launch.py
-- Symlinking: /home/rehawild/Desktop/mecanumbot_new/install/mecanumbot_bringup/share/mecanumbot_bringup/launch/camera.launch.py
-- Symlinking: /home/rehawild/Desktop/mecanumbot_new/install/mecanumbot_bringup/share/mecanumbot_bringup/launch/launch_external.launch.py
-- Symlinking: /home/rehawild/Desktop/mecanumbot_new/install/mecanumbot_bringup/share/mecanumbot_bringup/launch/launch_mecanumbot_base.launch.py
-- Symlinking: /home/rehawild/Desktop/mecanumbot_new/install/mecanumbot_bringup/share/mecanumbot_bringup/launch/map.launch.py
-- Symlinking: /home/rehawild/Desktop/mecanumbot_new/install/mecanumbot_bringup/share/mecanumbot_bringup/launch/mapping.launch.py
-- Symlinking: /home/rehawild/Desktop/mecanumbot_new/install/mecanumbot_bringup/share/mecanumbot_bringup/launch/mecanumbot_state_publisher.launch.py
-- Symlinking: /home/rehawild/Desktop/mecanumbot_new/install/mecanumbot_bringup/share/mecanumbot_bringup/launch/rviz2.launch.py
-- Symlinking: /home/rehawild/Desktop/mecanumbot_new/install/mecanumbot_bringup/share/ament_index/resource_index/package_run_dependencies/mecanumbot_bringup
-- Symlinking: /home/rehawild/Desktop/mecanumbot_new/install/mecanumbot_bringup/share/ament_index/resource_index/parent_prefix_path/mecanumbot_bringup
-- Symlinking: /home/rehawild/Desktop/mecanumbot_new/install/mecanumbot_bringup/share/mecanumbot_bringup/environment/ament_prefix_path.sh
-- Symlinking: /home/rehawild/Desktop/mecanumbot_new/install/mecanumbot_bringup/share/mecanumbot_bringup/environment/ament_prefix_path.dsv
-- Symlinking: /home/rehawild/Desktop/mecanumbot_new/install/mecanumbot_bringup/share/mecanumbot_bringup/environment/path.sh
-- Symlinking: /home/rehawild/Desktop/mecanumbot_new/install/mecanumbot_bringup/share/mecanumbot_bringup/environment/path.dsv
-- Symlinking: /home/rehawild/Desktop/mecanumbot_new/install/mecanumbot_bringup/share/mecanumbot_bringup/local_setup.bash
-- Symlinking: /home/rehawild/Desktop/mecanumbot_new/install/mecanumbot_bringup/share/mecanumbot_bringup/local_setup.sh
-- Symlinking: /home/rehawild/Desktop/mecanumbot_new/install/mecanumbot_bringup/share/mecanumbot_bringup/local_setup.zsh
-- Symlinking: /home/rehawild/Desktop/mecanumbot_new/install/mecanumbot_bringup/share/mecanumbot_bringup/local_setup.dsv
-- Symlinking: /home/rehawild/Desktop/mecanumbot_new/install/mecanumbot_bringup/share/mecanumbot_bringup/package.dsv
-- Symlinking: /home/rehawild/Desktop/mecanumbot_new/install/mecanumbot_bringup/share/ament_index/resource_index/packages/mecanumbot_bringup
-- Symlinking: /home/rehawild/Desktop/mecanumbot_new/install/mecanumbot_bringup/share/mecanumbot_bringup/cmake/mecanumbot_bringupConfig.cmake
-- Symlinking: /home/rehawild/Desktop/mecanumbot_new/install/mecanumbot_bringup/share/mecanumbot_bringup/cmake/mecanumbot_bringupConfig-version.cmake
-- Symlinking: /home/rehawild/Desktop/mecanumbot_new/install/mecanumbot_bringup/share/mecanumbot_bringup/package.xml
