[0.651s] Invoking command in '/home/rehawild/Desktop/mecanumbot_new/build/mecanumbot_description': CMAKE_PREFIX_PATH=${CMAKE_PREFIX_PATH}:/home/rehawild/Desktop/mecanumbot_new/install/mecanumbot_teleop:/home/rehawild/Desktop/mecanumbot_new/install/mecanumbot_sensorprocess_smart:/home/rehawild/Desktop/mecanumbot_new/install/mecanumbot_ledgui:/home/rehawild/Desktop/mecanumbot_new/install/mecanumbot_led:/home/rehawild/Desktop/mecanumbot_new/install/mecanumbot_monitor:/home/rehawild/Desktop/mecanumbot_new/install/mecanumbot_leading_behaviour:/home/rehawild/Desktop/mecanumbot_new/install/mecanumbot_core:/home/rehawild/ros2_ws/install/my_py_pkg:/opt/ros/humble /usr/bin/cmake /home/rehawild/Desktop/mecanumbot_new/src/mecanumbot/mecanumbot_description -DAMENT_CMAKE_SYMLINK_INSTALL=1 -DCMAKE_INSTALL_PREFIX=/home/rehawild/Desktop/mecanumbot_new/install/mecanumbot_description
[2.497s] -- The C compiler identification is GNU 11.4.0
[2.497s] -- The CXX compiler identification is GNU 11.4.0
[2.499s] -- Detecting C compiler ABI info
[2.499s] -- Detecting C compiler ABI info - done
[2.499s] -- Check for working C compiler: /usr/bin/cc - skipped
[2.500s] -- Detecting C compile features
[2.500s] -- Detecting C compile features - done
[2.500s] -- Detecting CXX compiler ABI info
[2.500s] -- Detecting CXX compiler ABI info - done
[2.500s] -- Check for working CXX compiler: /usr/bin/c++ - skipped
[2.502s] -- Detecting CXX compile features
[2.507s] -- Detecting CXX compile features - done
[2.507s] -- Found ament_cmake: 1.3.13 (/opt/ros/humble/share/ament_cmake/cmake)
[2.508s] -- Found Python3: /usr/bin/python3 (found version "3.10.12") found components: Interpreter 
[2.508s] -- Override CMake install command with custom implementation using symlinks instead of copying resources
[2.509s] -- Found urdf: 2.6.1 (/opt/ros/humble/share/urdf/cmake)
[2.509s] -- Configuring done
[2.510s] -- Generating done
[2.518s] -- Build files have been written to: /home/rehawild/Desktop/mecanumbot_new/build/mecanumbot_description
[2.560s] Invoked command in '/home/rehawild/Desktop/mecanumbot_new/build/mecanumbot_description' returned '0': CMAKE_PREFIX_PATH=${CMAKE_PREFIX_PATH}:/home/rehawild/Desktop/mecanumbot_new/install/mecanumbot_teleop:/home/rehawild/Desktop/mecanumbot_new/install/mecanumbot_sensorprocess_smart:/home/rehawild/Desktop/mecanumbot_new/install/mecanumbot_ledgui:/home/rehawild/Desktop/mecanumbot_new/install/mecanumbot_led:/home/rehawild/Desktop/mecanumbot_new/install/mecanumbot_monitor:/home/rehawild/Desktop/mecanumbot_new/install/mecanumbot_leading_behaviour:/home/rehawild/Desktop/mecanumbot_new/install/mecanumbot_core:/home/rehawild/ros2_ws/install/my_py_pkg:/opt/ros/humble /usr/bin/cmake /home/rehawild/Desktop/mecanumbot_new/src/mecanumbot/mecanumbot_description -DAMENT_CMAKE_SYMLINK_INSTALL=1 -DCMAKE_INSTALL_PREFIX=/home/rehawild/Desktop/mecanumbot_new/install/mecanumbot_description
[2.566s] Invoking command in '/home/rehawild/Desktop/mecanumbot_new/build/mecanumbot_description': CMAKE_PREFIX_PATH=${CMAKE_PREFIX_PATH}:/home/rehawild/Desktop/mecanumbot_new/install/mecanumbot_teleop:/home/rehawild/Desktop/mecanumbot_new/install/mecanumbot_sensorprocess_smart:/home/rehawild/Desktop/mecanumbot_new/install/mecanumbot_ledgui:/home/rehawild/Desktop/mecanumbot_new/install/mecanumbot_led:/home/rehawild/Desktop/mecanumbot_new/install/mecanumbot_monitor:/home/rehawild/Desktop/mecanumbot_new/install/mecanumbot_leading_behaviour:/home/rehawild/Desktop/mecanumbot_new/install/mecanumbot_core:/home/rehawild/ros2_ws/install/my_py_pkg:/opt/ros/humble /usr/bin/cmake --build /home/rehawild/Desktop/mecanumbot_new/build/mecanumbot_description -- -j8 -l8
[2.691s] Invoked command in '/home/rehawild/Desktop/mecanumbot_new/build/mecanumbot_description' returned '0': CMAKE_PREFIX_PATH=${CMAKE_PREFIX_PATH}:/home/rehawild/Desktop/mecanumbot_new/install/mecanumbot_teleop:/home/rehawild/Desktop/mecanumbot_new/install/mecanumbot_sensorprocess_smart:/home/rehawild/Desktop/mecanumbot_new/install/mecanumbot_ledgui:/home/rehawild/Desktop/mecanumbot_new/install/mecanumbot_led:/home/rehawild/Desktop/mecanumbot_new/install/mecanumbot_monitor:/home/rehawild/Desktop/mecanumbot_new/install/mecanumbot_leading_behaviour:/home/rehawild/Desktop/mecanumbot_new/install/mecanumbot_core:/home/rehawild/ros2_ws/install/my_py_pkg:/opt/ros/humble /usr/bin/cmake --build /home/rehawild/Desktop/mecanumbot_new/build/mecanumbot_description -- -j8 -l8
[2.694s] Invoking command in '/home/rehawild/Desktop/mecanumbot_new/build/mecanumbot_description': CMAKE_PREFIX_PATH=${CMAKE_PREFIX_PATH}:/home/rehawild/Desktop/mecanumbot_new/install/mecanumbot_teleop:/home/rehawild/Desktop/mecanumbot_new/install/mecanumbot_sensorprocess_smart:/home/rehawild/Desktop/mecanumbot_new/install/mecanumbot_ledgui:/home/rehawild/Desktop/mecanumbot_new/install/mecanumbot_led:/home/rehawild/Desktop/mecanumbot_new/install/mecanumbot_monitor:/home/rehawild/Desktop/mecanumbot_new/install/mecanumbot_leading_behaviour:/home/rehawild/Desktop/mecanumbot_new/install/mecanumbot_core:/home/rehawild/ros2_ws/install/my_py_pkg:/opt/ros/humble /usr/bin/cmake --install /home/rehawild/Desktop/mecanumbot_new/build/mecanumbot_description
[2.704s] -- Install configuration: ""
[2.706s] -- Execute custom install script
[2.707s] -- Symlinking: /home/rehawild/Desktop/mecanumbot_new/install/mecanumbot_description/share/mecanumbot_description/meshes/3Dparts/cam_bridge.stl
[2.759s] -- Symlinking: /home/rehawild/Desktop/mecanumbot_new/install/mecanumbot_description/share/mecanumbot_description/meshes/3Dparts/diffuser.stl
[2.788s] -- Symlinking: /home/rehawild/Desktop/mecanumbot_new/install/mecanumbot_description/share/mecanumbot_description/meshes/3Dparts/grabbermount_front.stl
[2.806s] -- Symlinking: /home/rehawild/Desktop/mecanumbot_new/install/mecanumbot_description/share/mecanumbot_description/meshes/3Dparts/grabbermount_rear.stl
[2.832s] -- Symlinking: /home/rehawild/Desktop/mecanumbot_new/install/mecanumbot_description/share/mecanumbot_description/meshes/3Dparts/omniwheel_adapter.stl
[2.847s] -- Symlinking: /home/rehawild/Desktop/mecanumbot_new/install/mecanumbot_description/share/mecanumbot_description/meshes/arm.stl
[2.883s] -- Symlinking: /home/rehawild/Desktop/mecanumbot_new/install/mecanumbot_description/share/mecanumbot_description/meshes/arm_left.stl
[2.908s] -- Symlinking: /home/rehawild/Desktop/mecanumbot_new/install/mecanumbot_description/share/mecanumbot_description/meshes/arm_right.stl
[2.932s] -- Symlinking: /home/rehawild/Desktop/mecanumbot_new/install/mecanumbot_description/share/mecanumbot_description/meshes/base.stl
[3.007s] -- Symlinking: /home/rehawild/Desktop/mecanumbot_new/install/mecanumbot_description/share/mecanumbot_description/meshes/head.stl
[3.036s] -- Symlinking: /home/rehawild/Desktop/mecanumbot_new/install/mecanumbot_description/share/mecanumbot_description/meshes/lds.stl
[3.142s] -- Symlinking: /home/rehawild/Desktop/mecanumbot_new/install/mecanumbot_description/share/mecanumbot_description/meshes/wheel.stl
[3.149s] -- Symlinking: /home/rehawild/Desktop/mecanumbot_new/install/mecanumbot_description/share/mecanumbot_description/rviz/model.rviz
[3.222s] -- Symlinking: /home/rehawild/Desktop/mecanumbot_new/install/mecanumbot_description/share/mecanumbot_description/param/mecanumbot.yaml
[3.317s] -- Symlinking: /home/rehawild/Desktop/mecanumbot_new/install/mecanumbot_description/share/mecanumbot_description/param/mecanumbot_core_parameters.yaml
[3.335s] -- Symlinking: /home/rehawild/Desktop/mecanumbot_new/install/mecanumbot_description/share/mecanumbot_description/param/mecanumbot_custom_nav2.yaml
[3.335s] -- Symlinking: /home/rehawild/Desktop/mecanumbot_new/install/mecanumbot_description/share/mecanumbot_description/param/mecanumbot_slam_mapping.yaml
[3.353s] -- Symlinking: /home/rehawild/Desktop/mecanumbot_new/install/mecanumbot_description/share/mecanumbot_description/param/nav2_params.yaml
[3.367s] -- Symlinking: /home/rehawild/Desktop/mecanumbot_new/install/mecanumbot_description/share/mecanumbot_description/param/picamera_config.yaml
[3.387s] -- Symlinking: /home/rehawild/Desktop/mecanumbot_new/install/mecanumbot_description/share/mecanumbot_description/maps/AI_dept/AI_dept.pgm
[3.420s] -- Symlinking: /home/rehawild/Desktop/mecanumbot_new/install/mecanumbot_description/share/mecanumbot_description/maps/AI_dept/AI_dept.yaml
[3.453s] -- Symlinking: /home/rehawild/Desktop/mecanumbot_new/install/mecanumbot_description/share/mecanumbot_description/maps/LED_exp/LED_exp.pgm
[3.483s] -- Symlinking: /home/rehawild/Desktop/mecanumbot_new/install/mecanumbot_description/share/mecanumbot_description/maps/LED_exp/LED_exp.yaml
[3.523s] -- Symlinking: /home/rehawild/Desktop/mecanumbot_new/install/mecanumbot_description/share/mecanumbot_description/maps/ethodept_old/ethodept_old.pgm
[3.539s] -- Symlinking: /home/rehawild/Desktop/mecanumbot_new/install/mecanumbot_description/share/mecanumbot_description/maps/ethodept_old/ethodept_old.yaml
[3.575s] -- Symlinking: /home/rehawild/Desktop/mecanumbot_new/install/mecanumbot_description/share/mecanumbot_description/urdf/common_properties.urdf
[3.611s] -- Symlinking: /home/rehawild/Desktop/mecanumbot_new/install/mecanumbot_description/share/mecanumbot_description/urdf/mecanumbot.urdf
[3.635s] -- Symlinking: /home/rehawild/Desktop/mecanumbot_new/install/mecanumbot_description/share/mecanumbot_description/udev/90_mecanumbot_nano.rules
[3.656s] -- Symlinking: /home/rehawild/Desktop/mecanumbot_new/install/mecanumbot_description/share/mecanumbot_description/udev/99-turtlebot3-cdc.rules
[3.724s] -- Symlinking: /home/rehawild/Desktop/mecanumbot_new/install/mecanumbot_description/share/ament_index/resource_index/package_run_dependencies/mecanumbot_description
[3.746s] -- Symlinking: /home/rehawild/Desktop/mecanumbot_new/install/mecanumbot_description/share/ament_index/resource_index/parent_prefix_path/mecanumbot_description
[3.761s] -- Symlinking: /home/rehawild/Desktop/mecanumbot_new/install/mecanumbot_description/share/mecanumbot_description/environment/ament_prefix_path.sh
[3.779s] -- Symlinking: /home/rehawild/Desktop/mecanumbot_new/install/mecanumbot_description/share/mecanumbot_description/environment/ament_prefix_path.dsv
[3.820s] -- Symlinking: /home/rehawild/Desktop/mecanumbot_new/install/mecanumbot_description/share/mecanumbot_description/environment/path.sh
[3.834s] -- Symlinking: /home/rehawild/Desktop/mecanumbot_new/install/mecanumbot_description/share/mecanumbot_description/environment/path.dsv
[3.850s] -- Symlinking: /home/rehawild/Desktop/mecanumbot_new/install/mecanumbot_description/share/mecanumbot_description/local_setup.bash
[3.906s] -- Symlinking: /home/rehawild/Desktop/mecanumbot_new/install/mecanumbot_description/share/mecanumbot_description/local_setup.sh
[3.978s] -- Symlinking: /home/rehawild/Desktop/mecanumbot_new/install/mecanumbot_description/share/mecanumbot_description/local_setup.zsh
[4.054s] -- Symlinking: /home/rehawild/Desktop/mecanumbot_new/install/mecanumbot_description/share/mecanumbot_description/local_setup.dsv
[4.097s] -- Symlinking: /home/rehawild/Desktop/mecanumbot_new/install/mecanumbot_description/share/mecanumbot_description/package.dsv
[4.112s] -- Symlinking: /home/rehawild/Desktop/mecanumbot_new/install/mecanumbot_description/share/ament_index/resource_index/packages/mecanumbot_description
[4.136s] -- Symlinking: /home/rehawild/Desktop/mecanumbot_new/install/mecanumbot_description/share/mecanumbot_description/cmake/mecanumbot_descriptionConfig.cmake
[4.200s] -- Symlinking: /home/rehawild/Desktop/mecanumbot_new/install/mecanumbot_description/share/mecanumbot_description/cmake/mecanumbot_descriptionConfig-version.cmake
[4.237s] -- Symlinking: /home/rehawild/Desktop/mecanumbot_new/install/mecanumbot_description/share/mecanumbot_description/package.xml
[4.265s] Invoked command in '/home/rehawild/Desktop/mecanumbot_new/build/mecanumbot_description' returned '0': CMAKE_PREFIX_PATH=${CMAKE_PREFIX_PATH}:/home/rehawild/Desktop/mecanumbot_new/install/mecanumbot_teleop:/home/rehawild/Desktop/mecanumbot_new/install/mecanumbot_sensorprocess_smart:/home/rehawild/Desktop/mecanumbot_new/install/mecanumbot_ledgui:/home/rehawild/Desktop/mecanumbot_new/install/mecanumbot_led:/home/rehawild/Desktop/mecanumbot_new/install/mecanumbot_monitor:/home/rehawild/Desktop/mecanumbot_new/install/mecanumbot_leading_behaviour:/home/rehawild/Desktop/mecanumbot_new/install/mecanumbot_core:/home/rehawild/ros2_ws/install/my_py_pkg:/opt/ros/humble /usr/bin/cmake --install /home/rehawild/Desktop/mecanumbot_new/build/mecanumbot_description
