-- The C compiler identification is GNU 11.4.0
-- The CXX compiler identification is GNU 11.4.0
-- Detecting C compiler ABI info
-- Detecting C compiler ABI info - done
-- Check for working C compiler: /usr/bin/cc - skipped
-- Detecting C compile features
-- Detecting C compile features - done
-- Detecting CXX compiler ABI info
-- Detecting CXX compiler ABI info - done
-- Check for working CXX compiler: /usr/bin/c++ - skipped
-- Detecting CXX compile features
-- Detecting CXX compile features - done
-- Found ament_cmake: 1.3.13 (/opt/ros/humble/share/ament_cmake/cmake)
-- Found Python3: /usr/bin/python3 (found version "3.10.12") found components: Interpreter 
-- Override CMake install command with custom implementation using symlinks instead of copying resources
-- Found rosidl_default_generators: 1.2.0 (/opt/ros/humble/share/rosidl_default_generators/cmake)
-- Using all available rosidl_typesupport_c: rosidl_typesupport_fastrtps_c;rosidl_typesupport_introspection_c
-- Found rosidl_adapter: 3.1.8 (/opt/ros/humble/share/rosidl_adapter/cmake)
-- Using all available rosidl_typesupport_cpp: rosidl_typesupport_fastrtps_cpp;rosidl_typesupport_introspection_cpp
-- Found std_msgs: 4.9.1 (/opt/ros/humble/share/std_msgs/cmake)
-- Found geometry_msgs: 4.9.1 (/opt/ros/humble/share/geometry_msgs/cmake)
-- Found ament_cmake_cppcheck: 0.12.15 (/opt/ros/humble/share/ament_cmake_cppcheck/cmake)
-- Found ament_cmake_cpplint: 0.12.15 (/opt/ros/humble/share/ament_cmake_cpplint/cmake)
-- Found ament_cmake_uncrustify: 0.12.15 (/opt/ros/humble/share/ament_cmake_uncrustify/cmake)
-- Found ament_cmake_ros: 0.10.0 (/opt/ros/humble/share/ament_cmake_ros/cmake)
-- Using all available rosidl_typesupport_c: rosidl_typesupport_fastrtps_c;rosidl_typesupport_introspection_c
-- Using all available rosidl_typesupport_cpp: rosidl_typesupport_fastrtps_cpp;rosidl_typesupport_introspection_cpp
-- Found PythonInterp: /usr/bin/python3 (found suitable version "3.10.12", minimum required is "3.6") 
-- Found python_cmake_module: 0.10.0 (/opt/ros/humble/share/python_cmake_module/cmake)
-- Found PythonLibs: /usr/lib/x86_64-linux-gnu/libpython3.10.so (found suitable version "3.10.12", minimum required is "3.5") 
-- Using PYTHON_EXECUTABLE: /usr/bin/python3
-- Using PYTHON_INCLUDE_DIRS: /usr/include/python3.10
-- Using PYTHON_LIBRARIES: /usr/lib/x86_64-linux-gnu/libpython3.10.so
-- Found PythonExtra: .so  
-- Found ament_cmake_flake8: 0.12.15 (/opt/ros/humble/share/ament_cmake_flake8/cmake)
-- Found ament_cmake_pep257: 0.12.15 (/opt/ros/humble/share/ament_cmake_pep257/cmake)
-- Found ament_lint_auto: 0.12.15 (/opt/ros/humble/share/ament_lint_auto/cmake)
-- Added test 'lint_cmake' to check CMake code style
-- Added test 'xmllint' to check XML markup files
-- Configuring done
-- Generating done
-- Build files have been written to: /home/rehawild/Desktop/mecanumbot_new/build/mecanumbot_msgs
[  1%] [34m[1mGenerating C code for ROS interfaces[0m
[  3%] [34m[1mGenerating C++ code for ROS interfaces[0m
[  3%] Built target ament_cmake_python_symlink_mecanumbot_msgs
running egg_info
creating mecanumbot_msgs.egg-info
writing mecanumbot_msgs.egg-info/PKG-INFO
writing dependency_links to mecanumbot_msgs.egg-info/dependency_links.txt
writing top-level names to mecanumbot_msgs.egg-info/top_level.txt
writing manifest file 'mecanumbot_msgs.egg-info/SOURCES.txt'
reading manifest file 'mecanumbot_msgs.egg-info/SOURCES.txt'
writing manifest file 'mecanumbot_msgs.egg-info/SOURCES.txt'
[  3%] Built target ament_cmake_python_build_mecanumbot_msgs_egg
[  3%] Built target mecanumbot_msgs__cpp
[  6%] [34m[1mGenerating C++ type support dispatch for ROS interfaces[0m
[  7%] [34m[1mGenerating C++ type support for eProsima Fast-RTPS[0m
[  6%] [34m[1mGenerating C++ introspection for ROS interfaces[0m
[  9%] [32mBuilding C object CMakeFiles/mecanumbot_msgs__rosidl_generator_c.dir/rosidl_generator_c/mecanumbot_msgs/msg/detail/access_motor_cmd__functions.c.o[0m
[ 12%] [32mBuilding C object CMakeFiles/mecanumbot_msgs__rosidl_generator_c.dir/rosidl_generator_c/mecanumbot_msgs/msg/detail/open_cr_state__functions.c.o[0m
[ 12%] [32mBuilding C object CMakeFiles/mecanumbot_msgs__rosidl_generator_c.dir/rosidl_generator_c/mecanumbot_msgs/msg/detail/sensor_state__functions.c.o[0m
[ 14%] [32mBuilding C object CMakeFiles/mecanumbot_msgs__rosidl_generator_c.dir/rosidl_generator_c/mecanumbot_msgs/srv/detail/set_led_status__functions.c.o[0m
[ 15%] [32mBuilding C object CMakeFiles/mecanumbot_msgs__rosidl_generator_c.dir/rosidl_generator_c/mecanumbot_msgs/srv/detail/get_led_status__functions.c.o[0m
[ 17%] [32m[1mLinking C shared library libmecanumbot_msgs__rosidl_generator_c.so[0m
[ 17%] Built target mecanumbot_msgs__rosidl_generator_c
[ 19%] [34m[1mGenerating C type support for eProsima Fast-RTPS[0m
[ 20%] [34m[1mGenerating C type support dispatch for ROS interfaces[0m
[ 22%] [34m[1mGenerating C introspection for ROS interfaces[0m
[ 23%] [32mBuilding CXX object CMakeFiles/mecanumbot_msgs__rosidl_typesupport_cpp.dir/rosidl_typesupport_cpp/mecanumbot_msgs/msg/access_motor_cmd__type_support.cpp.o[0m
[ 25%] [32mBuilding CXX object CMakeFiles/mecanumbot_msgs__rosidl_typesupport_cpp.dir/rosidl_typesupport_cpp/mecanumbot_msgs/msg/sensor_state__type_support.cpp.o[0m
[ 26%] [32mBuilding CXX object CMakeFiles/mecanumbot_msgs__rosidl_typesupport_cpp.dir/rosidl_typesupport_cpp/mecanumbot_msgs/msg/open_cr_state__type_support.cpp.o[0m
[ 28%] [32mBuilding CXX object CMakeFiles/mecanumbot_msgs__rosidl_typesupport_introspection_cpp.dir/rosidl_typesupport_introspection_cpp/mecanumbot_msgs/msg/detail/sensor_state__type_support.cpp.o[0m
[ 30%] [32mBuilding CXX object CMakeFiles/mecanumbot_msgs__rosidl_typesupport_c.dir/rosidl_typesupport_c/mecanumbot_msgs/msg/sensor_state__type_support.cpp.o[0m
[ 31%] [32mBuilding CXX object CMakeFiles/mecanumbot_msgs__rosidl_typesupport_c.dir/rosidl_typesupport_c/mecanumbot_msgs/msg/access_motor_cmd__type_support.cpp.o[0m
[ 33%] [32mBuilding CXX object CMakeFiles/mecanumbot_msgs__rosidl_typesupport_c.dir/rosidl_typesupport_c/mecanumbot_msgs/msg/open_cr_state__type_support.cpp.o[0m
[ 34%] [32mBuilding CXX object CMakeFiles/mecanumbot_msgs__rosidl_typesupport_c.dir/rosidl_typesupport_c/mecanumbot_msgs/srv/get_led_status__type_support.cpp.o[0m
[ 36%] [32mBuilding CXX object CMakeFiles/mecanumbot_msgs__rosidl_typesupport_cpp.dir/rosidl_typesupport_cpp/mecanumbot_msgs/srv/get_led_status__type_support.cpp.o[0m
[ 38%] [32mBuilding CXX object CMakeFiles/mecanumbot_msgs__rosidl_typesupport_c.dir/rosidl_typesupport_c/mecanumbot_msgs/srv/set_led_status__type_support.cpp.o[0m
[ 39%] [32mBuilding CXX object CMakeFiles/mecanumbot_msgs__rosidl_typesupport_cpp.dir/rosidl_typesupport_cpp/mecanumbot_msgs/srv/set_led_status__type_support.cpp.o[0m
[ 41%] [32mBuilding CXX object CMakeFiles/mecanumbot_msgs__rosidl_typesupport_introspection_cpp.dir/rosidl_typesupport_introspection_cpp/mecanumbot_msgs/msg/detail/access_motor_cmd__type_support.cpp.o[0m
[ 42%] [32m[1mLinking CXX shared library libmecanumbot_msgs__rosidl_typesupport_c.so[0m
[ 44%] [32mBuilding CXX object CMakeFiles/mecanumbot_msgs__rosidl_typesupport_fastrtps_cpp.dir/rosidl_typesupport_fastrtps_cpp/mecanumbot_msgs/msg/detail/dds_fastrtps/sensor_state__type_support.cpp.o[0m
[ 44%] Built target mecanumbot_msgs__rosidl_typesupport_c
[ 46%] [32mBuilding CXX object CMakeFiles/mecanumbot_msgs__rosidl_typesupport_introspection_cpp.dir/rosidl_typesupport_introspection_cpp/mecanumbot_msgs/msg/detail/open_cr_state__type_support.cpp.o[0m
[ 47%] [32mBuilding C object CMakeFiles/mecanumbot_msgs__rosidl_typesupport_introspection_c.dir/rosidl_typesupport_introspection_c/mecanumbot_msgs/msg/detail/sensor_state__type_support.c.o[0m
[ 49%] [32mBuilding C object CMakeFiles/mecanumbot_msgs__rosidl_typesupport_introspection_c.dir/rosidl_typesupport_introspection_c/mecanumbot_msgs/msg/detail/access_motor_cmd__type_support.c.o[0m
[ 50%] [32mBuilding CXX object CMakeFiles/mecanumbot_msgs__rosidl_typesupport_fastrtps_c.dir/rosidl_typesupport_fastrtps_c/mecanumbot_msgs/msg/detail/sensor_state__type_support_c.cpp.o[0m
[ 52%] [32mBuilding C object CMakeFiles/mecanumbot_msgs__rosidl_typesupport_introspection_c.dir/rosidl_typesupport_introspection_c/mecanumbot_msgs/msg/detail/open_cr_state__type_support.c.o[0m
[ 53%] [32mBuilding C object CMakeFiles/mecanumbot_msgs__rosidl_typesupport_introspection_c.dir/rosidl_typesupport_introspection_c/mecanumbot_msgs/srv/detail/get_led_status__type_support.c.o[0m
[ 55%] [32mBuilding C object CMakeFiles/mecanumbot_msgs__rosidl_typesupport_introspection_c.dir/rosidl_typesupport_introspection_c/mecanumbot_msgs/srv/detail/set_led_status__type_support.c.o[0m
[ 57%] [32mBuilding CXX object CMakeFiles/mecanumbot_msgs__rosidl_typesupport_introspection_cpp.dir/rosidl_typesupport_introspection_cpp/mecanumbot_msgs/srv/detail/get_led_status__type_support.cpp.o[0m
[ 58%] [32m[1mLinking CXX shared library libmecanumbot_msgs__rosidl_typesupport_cpp.so[0m
[ 60%] [32m[1mLinking C shared library libmecanumbot_msgs__rosidl_typesupport_introspection_c.so[0m
[ 61%] [32mBuilding CXX object CMakeFiles/mecanumbot_msgs__rosidl_typesupport_fastrtps_cpp.dir/rosidl_typesupport_fastrtps_cpp/mecanumbot_msgs/msg/detail/dds_fastrtps/access_motor_cmd__type_support.cpp.o[0m
[ 63%] [32mBuilding CXX object CMakeFiles/mecanumbot_msgs__rosidl_typesupport_fastrtps_c.dir/rosidl_typesupport_fastrtps_c/mecanumbot_msgs/msg/detail/access_motor_cmd__type_support_c.cpp.o[0m
[ 63%] Built target mecanumbot_msgs__rosidl_typesupport_cpp
[ 65%] [32mBuilding CXX object CMakeFiles/mecanumbot_msgs__rosidl_typesupport_fastrtps_cpp.dir/rosidl_typesupport_fastrtps_cpp/mecanumbot_msgs/msg/detail/dds_fastrtps/open_cr_state__type_support.cpp.o[0m
[ 65%] Built target mecanumbot_msgs__rosidl_typesupport_introspection_c
[ 66%] [32mBuilding CXX object CMakeFiles/mecanumbot_msgs__rosidl_typesupport_fastrtps_cpp.dir/rosidl_typesupport_fastrtps_cpp/mecanumbot_msgs/srv/detail/dds_fastrtps/get_led_status__type_support.cpp.o[0m
[ 68%] [32mBuilding CXX object CMakeFiles/mecanumbot_msgs__rosidl_typesupport_introspection_cpp.dir/rosidl_typesupport_introspection_cpp/mecanumbot_msgs/srv/detail/set_led_status__type_support.cpp.o[0m
[ 69%] [32mBuilding CXX object CMakeFiles/mecanumbot_msgs__rosidl_typesupport_fastrtps_cpp.dir/rosidl_typesupport_fastrtps_cpp/mecanumbot_msgs/srv/detail/dds_fastrtps/set_led_status__type_support.cpp.o[0m
[ 71%] [32mBuilding CXX object CMakeFiles/mecanumbot_msgs__rosidl_typesupport_fastrtps_c.dir/rosidl_typesupport_fastrtps_c/mecanumbot_msgs/msg/detail/open_cr_state__type_support_c.cpp.o[0m
[ 73%] [32mBuilding CXX object CMakeFiles/mecanumbot_msgs__rosidl_typesupport_fastrtps_c.dir/rosidl_typesupport_fastrtps_c/mecanumbot_msgs/srv/detail/get_led_status__type_support_c.cpp.o[0m
[ 74%] [32mBuilding CXX object CMakeFiles/mecanumbot_msgs__rosidl_typesupport_fastrtps_c.dir/rosidl_typesupport_fastrtps_c/mecanumbot_msgs/srv/detail/set_led_status__type_support_c.cpp.o[0m
[ 76%] [32m[1mLinking CXX shared library libmecanumbot_msgs__rosidl_typesupport_introspection_cpp.so[0m
[ 76%] Built target mecanumbot_msgs__rosidl_typesupport_introspection_cpp
[ 77%] [32m[1mLinking CXX shared library libmecanumbot_msgs__rosidl_typesupport_fastrtps_cpp.so[0m
[ 77%] Built target mecanumbot_msgs__rosidl_typesupport_fastrtps_cpp
[ 79%] [32m[1mLinking CXX shared library libmecanumbot_msgs__rosidl_typesupport_fastrtps_c.so[0m
[ 79%] Built target mecanumbot_msgs__rosidl_typesupport_fastrtps_c
[ 79%] Built target mecanumbot_msgs
[ 80%] [34m[1mGenerating Python code for ROS interfaces[0m
[ 80%] Built target mecanumbot_msgs__py
[ 82%] [32mBuilding C object CMakeFiles/mecanumbot_msgs__rosidl_generator_py.dir/rosidl_generator_py/mecanumbot_msgs/srv/_set_led_status_s.c.o[0m
[ 85%] [32mBuilding C object CMakeFiles/mecanumbot_msgs__rosidl_generator_py.dir/rosidl_generator_py/mecanumbot_msgs/msg/_access_motor_cmd_s.c.o[0m
[ 85%] [32mBuilding C object CMakeFiles/mecanumbot_msgs__rosidl_generator_py.dir/rosidl_generator_py/mecanumbot_msgs/msg/_open_cr_state_s.c.o[0m
[ 87%] [32mBuilding C object CMakeFiles/mecanumbot_msgs__rosidl_generator_py.dir/rosidl_generator_py/mecanumbot_msgs/msg/_sensor_state_s.c.o[0m
[ 88%] [32mBuilding C object CMakeFiles/mecanumbot_msgs__rosidl_generator_py.dir/rosidl_generator_py/mecanumbot_msgs/srv/_get_led_status_s.c.o[0m
[ 90%] [32m[1mLinking C shared library rosidl_generator_py/mecanumbot_msgs/libmecanumbot_msgs__rosidl_generator_py.so[0m
[ 90%] Built target mecanumbot_msgs__rosidl_generator_py
[ 92%] [32mBuilding C object CMakeFiles/mecanumbot_msgs__rosidl_typesupport_fastrtps_c__pyext.dir/rosidl_generator_py/mecanumbot_msgs/_mecanumbot_msgs_s.ep.rosidl_typesupport_fastrtps_c.c.o[0m
[ 93%] [32mBuilding C object CMakeFiles/mecanumbot_msgs__rosidl_typesupport_c__pyext.dir/rosidl_generator_py/mecanumbot_msgs/_mecanumbot_msgs_s.ep.rosidl_typesupport_c.c.o[0m
[ 95%] [32mBuilding C object CMakeFiles/mecanumbot_msgs__rosidl_typesupport_introspection_c__pyext.dir/rosidl_generator_py/mecanumbot_msgs/_mecanumbot_msgs_s.ep.rosidl_typesupport_introspection_c.c.o[0m
[ 96%] [32m[1mLinking C shared library rosidl_generator_py/mecanumbot_msgs/mecanumbot_msgs_s__rosidl_typesupport_introspection_c.cpython-310-x86_64-linux-gnu.so[0m
[ 98%] [32m[1mLinking C shared library rosidl_generator_py/mecanumbot_msgs/mecanumbot_msgs_s__rosidl_typesupport_c.cpython-310-x86_64-linux-gnu.so[0m
[100%] [32m[1mLinking C shared library rosidl_generator_py/mecanumbot_msgs/mecanumbot_msgs_s__rosidl_typesupport_fastrtps_c.cpython-310-x86_64-linux-gnu.so[0m
[100%] Built target mecanumbot_msgs__rosidl_typesupport_introspection_c__pyext
[100%] Built target mecanumbot_msgs__rosidl_typesupport_c__pyext
[100%] Built target mecanumbot_msgs__rosidl_typesupport_fastrtps_c__pyext
-- Install configuration: ""
-- Execute custom install script
-- Symlinking: /home/rehawild/Desktop/mecanumbot_new/install/mecanumbot_msgs/share/ament_index/resource_index/rosidl_interfaces/mecanumbot_msgs
-- Symlinking: /home/rehawild/Desktop/mecanumbot_new/install/mecanumbot_msgs/include/mecanumbot_msgs/mecanumbot_msgs/msg/access_motor_cmd.h
-- Symlinking: /home/rehawild/Desktop/mecanumbot_new/install/mecanumbot_msgs/include/mecanumbot_msgs/mecanumbot_msgs/msg/detail/access_motor_cmd__functions.h
-- Symlinking: /home/rehawild/Desktop/mecanumbot_new/install/mecanumbot_msgs/include/mecanumbot_msgs/mecanumbot_msgs/msg/detail/access_motor_cmd__struct.h
-- Symlinking: /home/rehawild/Desktop/mecanumbot_new/install/mecanumbot_msgs/include/mecanumbot_msgs/mecanumbot_msgs/msg/detail/access_motor_cmd__type_support.h
-- Symlinking: /home/rehawild/Desktop/mecanumbot_new/install/mecanumbot_msgs/include/mecanumbot_msgs/mecanumbot_msgs/msg/detail/open_cr_state__functions.h
-- Symlinking: /home/rehawild/Desktop/mecanumbot_new/install/mecanumbot_msgs/include/mecanumbot_msgs/mecanumbot_msgs/msg/detail/open_cr_state__struct.h
-- Symlinking: /home/rehawild/Desktop/mecanumbot_new/install/mecanumbot_msgs/include/mecanumbot_msgs/mecanumbot_msgs/msg/detail/open_cr_state__type_support.h
-- Symlinking: /home/rehawild/Desktop/mecanumbot_new/install/mecanumbot_msgs/include/mecanumbot_msgs/mecanumbot_msgs/msg/detail/sensor_state__functions.h
-- Symlinking: /home/rehawild/Desktop/mecanumbot_new/install/mecanumbot_msgs/include/mecanumbot_msgs/mecanumbot_msgs/msg/detail/sensor_state__struct.h
-- Symlinking: /home/rehawild/Desktop/mecanumbot_new/install/mecanumbot_msgs/include/mecanumbot_msgs/mecanumbot_msgs/msg/detail/sensor_state__type_support.h
-- Symlinking: /home/rehawild/Desktop/mecanumbot_new/install/mecanumbot_msgs/include/mecanumbot_msgs/mecanumbot_msgs/msg/open_cr_state.h
-- Symlinking: /home/rehawild/Desktop/mecanumbot_new/install/mecanumbot_msgs/include/mecanumbot_msgs/mecanumbot_msgs/msg/rosidl_generator_c__visibility_control.h
-- Symlinking: /home/rehawild/Desktop/mecanumbot_new/install/mecanumbot_msgs/include/mecanumbot_msgs/mecanumbot_msgs/msg/sensor_state.h
-- Symlinking: /home/rehawild/Desktop/mecanumbot_new/install/mecanumbot_msgs/include/mecanumbot_msgs/mecanumbot_msgs/srv/detail/get_led_status__functions.h
-- Symlinking: /home/rehawild/Desktop/mecanumbot_new/install/mecanumbot_msgs/include/mecanumbot_msgs/mecanumbot_msgs/srv/detail/get_led_status__struct.h
-- Symlinking: /home/rehawild/Desktop/mecanumbot_new/install/mecanumbot_msgs/include/mecanumbot_msgs/mecanumbot_msgs/srv/detail/get_led_status__type_support.h
-- Symlinking: /home/rehawild/Desktop/mecanumbot_new/install/mecanumbot_msgs/include/mecanumbot_msgs/mecanumbot_msgs/srv/detail/set_led_status__functions.h
-- Symlinking: /home/rehawild/Desktop/mecanumbot_new/install/mecanumbot_msgs/include/mecanumbot_msgs/mecanumbot_msgs/srv/detail/set_led_status__struct.h
-- Symlinking: /home/rehawild/Desktop/mecanumbot_new/install/mecanumbot_msgs/include/mecanumbot_msgs/mecanumbot_msgs/srv/detail/set_led_status__type_support.h
-- Symlinking: /home/rehawild/Desktop/mecanumbot_new/install/mecanumbot_msgs/include/mecanumbot_msgs/mecanumbot_msgs/srv/get_led_status.h
-- Symlinking: /home/rehawild/Desktop/mecanumbot_new/install/mecanumbot_msgs/include/mecanumbot_msgs/mecanumbot_msgs/srv/set_led_status.h
-- Symlinking: /home/rehawild/Desktop/mecanumbot_new/install/mecanumbot_msgs/share/mecanumbot_msgs/environment/library_path.sh
-- Symlinking: /home/rehawild/Desktop/mecanumbot_new/install/mecanumbot_msgs/share/mecanumbot_msgs/environment/library_path.dsv
-- Symlinking: /home/rehawild/Desktop/mecanumbot_new/install/mecanumbot_msgs/include/mecanumbot_msgs/mecanumbot_msgs/msg/detail/access_motor_cmd__rosidl_typesupport_fastrtps_c.h
-- Symlinking: /home/rehawild/Desktop/mecanumbot_new/install/mecanumbot_msgs/include/mecanumbot_msgs/mecanumbot_msgs/msg/detail/open_cr_state__rosidl_typesupport_fastrtps_c.h
-- Symlinking: /home/rehawild/Desktop/mecanumbot_new/install/mecanumbot_msgs/include/mecanumbot_msgs/mecanumbot_msgs/msg/detail/sensor_state__rosidl_typesupport_fastrtps_c.h
-- Symlinking: /home/rehawild/Desktop/mecanumbot_new/install/mecanumbot_msgs/include/mecanumbot_msgs/mecanumbot_msgs/msg/rosidl_typesupport_fastrtps_c__visibility_control.h
-- Symlinking: /home/rehawild/Desktop/mecanumbot_new/install/mecanumbot_msgs/include/mecanumbot_msgs/mecanumbot_msgs/srv/detail/get_led_status__rosidl_typesupport_fastrtps_c.h
-- Symlinking: /home/rehawild/Desktop/mecanumbot_new/install/mecanumbot_msgs/include/mecanumbot_msgs/mecanumbot_msgs/srv/detail/set_led_status__rosidl_typesupport_fastrtps_c.h
-- Symlinking: /home/rehawild/Desktop/mecanumbot_new/install/mecanumbot_msgs/include/mecanumbot_msgs/mecanumbot_msgs/msg/detail/access_motor_cmd__rosidl_typesupport_introspection_c.h
-- Symlinking: /home/rehawild/Desktop/mecanumbot_new/install/mecanumbot_msgs/include/mecanumbot_msgs/mecanumbot_msgs/msg/detail/open_cr_state__rosidl_typesupport_introspection_c.h
-- Symlinking: /home/rehawild/Desktop/mecanumbot_new/install/mecanumbot_msgs/include/mecanumbot_msgs/mecanumbot_msgs/msg/detail/sensor_state__rosidl_typesupport_introspection_c.h
-- Symlinking: /home/rehawild/Desktop/mecanumbot_new/install/mecanumbot_msgs/include/mecanumbot_msgs/mecanumbot_msgs/msg/rosidl_typesupport_introspection_c__visibility_control.h
-- Symlinking: /home/rehawild/Desktop/mecanumbot_new/install/mecanumbot_msgs/include/mecanumbot_msgs/mecanumbot_msgs/srv/detail/get_led_status__rosidl_typesupport_introspection_c.h
-- Symlinking: /home/rehawild/Desktop/mecanumbot_new/install/mecanumbot_msgs/include/mecanumbot_msgs/mecanumbot_msgs/srv/detail/set_led_status__rosidl_typesupport_introspection_c.h
-- Symlinking: /home/rehawild/Desktop/mecanumbot_new/install/mecanumbot_msgs/include/mecanumbot_msgs/mecanumbot_msgs/msg/access_motor_cmd.hpp
-- Symlinking: /home/rehawild/Desktop/mecanumbot_new/install/mecanumbot_msgs/include/mecanumbot_msgs/mecanumbot_msgs/msg/detail/access_motor_cmd__builder.hpp
-- Symlinking: /home/rehawild/Desktop/mecanumbot_new/install/mecanumbot_msgs/include/mecanumbot_msgs/mecanumbot_msgs/msg/detail/access_motor_cmd__struct.hpp
-- Symlinking: /home/rehawild/Desktop/mecanumbot_new/install/mecanumbot_msgs/include/mecanumbot_msgs/mecanumbot_msgs/msg/detail/access_motor_cmd__traits.hpp
-- Symlinking: /home/rehawild/Desktop/mecanumbot_new/install/mecanumbot_msgs/include/mecanumbot_msgs/mecanumbot_msgs/msg/detail/access_motor_cmd__type_support.hpp
-- Symlinking: /home/rehawild/Desktop/mecanumbot_new/install/mecanumbot_msgs/include/mecanumbot_msgs/mecanumbot_msgs/msg/detail/open_cr_state__builder.hpp
-- Symlinking: /home/rehawild/Desktop/mecanumbot_new/install/mecanumbot_msgs/include/mecanumbot_msgs/mecanumbot_msgs/msg/detail/open_cr_state__struct.hpp
-- Symlinking: /home/rehawild/Desktop/mecanumbot_new/install/mecanumbot_msgs/include/mecanumbot_msgs/mecanumbot_msgs/msg/detail/open_cr_state__traits.hpp
-- Symlinking: /home/rehawild/Desktop/mecanumbot_new/install/mecanumbot_msgs/include/mecanumbot_msgs/mecanumbot_msgs/msg/detail/open_cr_state__type_support.hpp
-- Symlinking: /home/rehawild/Desktop/mecanumbot_new/install/mecanumbot_msgs/include/mecanumbot_msgs/mecanumbot_msgs/msg/detail/sensor_state__builder.hpp
-- Symlinking: /home/rehawild/Desktop/mecanumbot_new/install/mecanumbot_msgs/include/mecanumbot_msgs/mecanumbot_msgs/msg/detail/sensor_state__struct.hpp
-- Symlinking: /home/rehawild/Desktop/mecanumbot_new/install/mecanumbot_msgs/include/mecanumbot_msgs/mecanumbot_msgs/msg/detail/sensor_state__traits.hpp
-- Symlinking: /home/rehawild/Desktop/mecanumbot_new/install/mecanumbot_msgs/include/mecanumbot_msgs/mecanumbot_msgs/msg/detail/sensor_state__type_support.hpp
-- Symlinking: /home/rehawild/Desktop/mecanumbot_new/install/mecanumbot_msgs/include/mecanumbot_msgs/mecanumbot_msgs/msg/open_cr_state.hpp
-- Symlinking: /home/rehawild/Desktop/mecanumbot_new/install/mecanumbot_msgs/include/mecanumbot_msgs/mecanumbot_msgs/msg/rosidl_generator_cpp__visibility_control.hpp
-- Symlinking: /home/rehawild/Desktop/mecanumbot_new/install/mecanumbot_msgs/include/mecanumbot_msgs/mecanumbot_msgs/msg/sensor_state.hpp
-- Symlinking: /home/rehawild/Desktop/mecanumbot_new/install/mecanumbot_msgs/include/mecanumbot_msgs/mecanumbot_msgs/srv/detail/get_led_status__builder.hpp
-- Symlinking: /home/rehawild/Desktop/mecanumbot_new/install/mecanumbot_msgs/include/mecanumbot_msgs/mecanumbot_msgs/srv/detail/get_led_status__struct.hpp
-- Symlinking: /home/rehawild/Desktop/mecanumbot_new/install/mecanumbot_msgs/include/mecanumbot_msgs/mecanumbot_msgs/srv/detail/get_led_status__traits.hpp
-- Symlinking: /home/rehawild/Desktop/mecanumbot_new/install/mecanumbot_msgs/include/mecanumbot_msgs/mecanumbot_msgs/srv/detail/get_led_status__type_support.hpp
-- Symlinking: /home/rehawild/Desktop/mecanumbot_new/install/mecanumbot_msgs/include/mecanumbot_msgs/mecanumbot_msgs/srv/detail/set_led_status__builder.hpp
-- Symlinking: /home/rehawild/Desktop/mecanumbot_new/install/mecanumbot_msgs/include/mecanumbot_msgs/mecanumbot_msgs/srv/detail/set_led_status__struct.hpp
-- Symlinking: /home/rehawild/Desktop/mecanumbot_new/install/mecanumbot_msgs/include/mecanumbot_msgs/mecanumbot_msgs/srv/detail/set_led_status__traits.hpp
-- Symlinking: /home/rehawild/Desktop/mecanumbot_new/install/mecanumbot_msgs/include/mecanumbot_msgs/mecanumbot_msgs/srv/detail/set_led_status__type_support.hpp
-- Symlinking: /home/rehawild/Desktop/mecanumbot_new/install/mecanumbot_msgs/include/mecanumbot_msgs/mecanumbot_msgs/srv/get_led_status.hpp
-- Symlinking: /home/rehawild/Desktop/mecanumbot_new/install/mecanumbot_msgs/include/mecanumbot_msgs/mecanumbot_msgs/srv/set_led_status.hpp
-- Symlinking: /home/rehawild/Desktop/mecanumbot_new/install/mecanumbot_msgs/include/mecanumbot_msgs/mecanumbot_msgs/msg/detail/access_motor_cmd__rosidl_typesupport_fastrtps_cpp.hpp
-- Symlinking: /home/rehawild/Desktop/mecanumbot_new/install/mecanumbot_msgs/include/mecanumbot_msgs/mecanumbot_msgs/msg/detail/open_cr_state__rosidl_typesupport_fastrtps_cpp.hpp
-- Symlinking: /home/rehawild/Desktop/mecanumbot_new/install/mecanumbot_msgs/include/mecanumbot_msgs/mecanumbot_msgs/msg/detail/sensor_state__rosidl_typesupport_fastrtps_cpp.hpp
-- Symlinking: /home/rehawild/Desktop/mecanumbot_new/install/mecanumbot_msgs/include/mecanumbot_msgs/mecanumbot_msgs/msg/rosidl_typesupport_fastrtps_cpp__visibility_control.h
-- Symlinking: /home/rehawild/Desktop/mecanumbot_new/install/mecanumbot_msgs/include/mecanumbot_msgs/mecanumbot_msgs/srv/detail/get_led_status__rosidl_typesupport_fastrtps_cpp.hpp
-- Symlinking: /home/rehawild/Desktop/mecanumbot_new/install/mecanumbot_msgs/include/mecanumbot_msgs/mecanumbot_msgs/srv/detail/set_led_status__rosidl_typesupport_fastrtps_cpp.hpp
-- Symlinking: /home/rehawild/Desktop/mecanumbot_new/install/mecanumbot_msgs/include/mecanumbot_msgs/mecanumbot_msgs/msg/detail/access_motor_cmd__rosidl_typesupport_introspection_cpp.hpp
-- Symlinking: /home/rehawild/Desktop/mecanumbot_new/install/mecanumbot_msgs/include/mecanumbot_msgs/mecanumbot_msgs/msg/detail/open_cr_state__rosidl_typesupport_introspection_cpp.hpp
-- Symlinking: /home/rehawild/Desktop/mecanumbot_new/install/mecanumbot_msgs/include/mecanumbot_msgs/mecanumbot_msgs/msg/detail/sensor_state__rosidl_typesupport_introspection_cpp.hpp
-- Symlinking: /home/rehawild/Desktop/mecanumbot_new/install/mecanumbot_msgs/include/mecanumbot_msgs/mecanumbot_msgs/srv/detail/get_led_status__rosidl_typesupport_introspection_cpp.hpp
-- Symlinking: /home/rehawild/Desktop/mecanumbot_new/install/mecanumbot_msgs/include/mecanumbot_msgs/mecanumbot_msgs/srv/detail/set_led_status__rosidl_typesupport_introspection_cpp.hpp
-- Symlinking: /home/rehawild/Desktop/mecanumbot_new/install/mecanumbot_msgs/share/mecanumbot_msgs/environment/pythonpath.sh
-- Symlinking: /home/rehawild/Desktop/mecanumbot_new/install/mecanumbot_msgs/share/mecanumbot_msgs/environment/pythonpath.dsv
-- Symlinking: /home/rehawild/Desktop/mecanumbot_new/install/mecanumbot_msgs/local/lib/python3.10/dist-packages/mecanumbot_msgs-0.0.1-py3.10.egg-info/PKG-INFO
-- Symlinking: /home/rehawild/Desktop/mecanumbot_new/install/mecanumbot_msgs/local/lib/python3.10/dist-packages/mecanumbot_msgs-0.0.1-py3.10.egg-info/SOURCES.txt
-- Symlinking: /home/rehawild/Desktop/mecanumbot_new/install/mecanumbot_msgs/local/lib/python3.10/dist-packages/mecanumbot_msgs-0.0.1-py3.10.egg-info/dependency_links.txt
-- Symlinking: /home/rehawild/Desktop/mecanumbot_new/install/mecanumbot_msgs/local/lib/python3.10/dist-packages/mecanumbot_msgs-0.0.1-py3.10.egg-info/top_level.txt
-- Symlinking: /home/rehawild/Desktop/mecanumbot_new/install/mecanumbot_msgs/local/lib/python3.10/dist-packages/mecanumbot_msgs/__init__.py
-- Symlinking: /home/rehawild/Desktop/mecanumbot_new/install/mecanumbot_msgs/local/lib/python3.10/dist-packages/mecanumbot_msgs/_mecanumbot_msgs_s.ep.rosidl_typesupport_c.c
-- Symlinking: /home/rehawild/Desktop/mecanumbot_new/install/mecanumbot_msgs/local/lib/python3.10/dist-packages/mecanumbot_msgs/_mecanumbot_msgs_s.ep.rosidl_typesupport_fastrtps_c.c
-- Symlinking: /home/rehawild/Desktop/mecanumbot_new/install/mecanumbot_msgs/local/lib/python3.10/dist-packages/mecanumbot_msgs/_mecanumbot_msgs_s.ep.rosidl_typesupport_introspection_c.c
-- Symlinking: /home/rehawild/Desktop/mecanumbot_new/install/mecanumbot_msgs/local/lib/python3.10/dist-packages/mecanumbot_msgs/libmecanumbot_msgs__rosidl_generator_py.so
-- Symlinking: /home/rehawild/Desktop/mecanumbot_new/install/mecanumbot_msgs/local/lib/python3.10/dist-packages/mecanumbot_msgs/mecanumbot_msgs_s__rosidl_typesupport_c.cpython-310-x86_64-linux-gnu.so
-- Symlinking: /home/rehawild/Desktop/mecanumbot_new/install/mecanumbot_msgs/local/lib/python3.10/dist-packages/mecanumbot_msgs/mecanumbot_msgs_s__rosidl_typesupport_fastrtps_c.cpython-310-x86_64-linux-gnu.so
-- Symlinking: /home/rehawild/Desktop/mecanumbot_new/install/mecanumbot_msgs/local/lib/python3.10/dist-packages/mecanumbot_msgs/mecanumbot_msgs_s__rosidl_typesupport_introspection_c.cpython-310-x86_64-linux-gnu.so
-- Symlinking: /home/rehawild/Desktop/mecanumbot_new/install/mecanumbot_msgs/local/lib/python3.10/dist-packages/mecanumbot_msgs/msg/__init__.py
-- Symlinking: /home/rehawild/Desktop/mecanumbot_new/install/mecanumbot_msgs/local/lib/python3.10/dist-packages/mecanumbot_msgs/msg/_access_motor_cmd.py
-- Symlinking: /home/rehawild/Desktop/mecanumbot_new/install/mecanumbot_msgs/local/lib/python3.10/dist-packages/mecanumbot_msgs/msg/_access_motor_cmd_s.c
-- Symlinking: /home/rehawild/Desktop/mecanumbot_new/install/mecanumbot_msgs/local/lib/python3.10/dist-packages/mecanumbot_msgs/msg/_open_cr_state.py
-- Symlinking: /home/rehawild/Desktop/mecanumbot_new/install/mecanumbot_msgs/local/lib/python3.10/dist-packages/mecanumbot_msgs/msg/_open_cr_state_s.c
-- Symlinking: /home/rehawild/Desktop/mecanumbot_new/install/mecanumbot_msgs/local/lib/python3.10/dist-packages/mecanumbot_msgs/msg/_sensor_state.py
-- Symlinking: /home/rehawild/Desktop/mecanumbot_new/install/mecanumbot_msgs/local/lib/python3.10/dist-packages/mecanumbot_msgs/msg/_sensor_state_s.c
-- Symlinking: /home/rehawild/Desktop/mecanumbot_new/install/mecanumbot_msgs/local/lib/python3.10/dist-packages/mecanumbot_msgs/srv/__init__.py
-- Symlinking: /home/rehawild/Desktop/mecanumbot_new/install/mecanumbot_msgs/local/lib/python3.10/dist-packages/mecanumbot_msgs/srv/_get_led_status.py
-- Symlinking: /home/rehawild/Desktop/mecanumbot_new/install/mecanumbot_msgs/local/lib/python3.10/dist-packages/mecanumbot_msgs/srv/_get_led_status_s.c
-- Symlinking: /home/rehawild/Desktop/mecanumbot_new/install/mecanumbot_msgs/local/lib/python3.10/dist-packages/mecanumbot_msgs/srv/_set_led_status.py
-- Symlinking: /home/rehawild/Desktop/mecanumbot_new/install/mecanumbot_msgs/local/lib/python3.10/dist-packages/mecanumbot_msgs/srv/_set_led_status_s.c
-- Up-to-date symlink: /home/rehawild/Desktop/mecanumbot_new/install/mecanumbot_msgs/local/lib/python3.10/dist-packages/mecanumbot_msgs/mecanumbot_msgs_s__rosidl_typesupport_fastrtps_c.cpython-310-x86_64-linux-gnu.so
-- Up-to-date symlink: /home/rehawild/Desktop/mecanumbot_new/install/mecanumbot_msgs/local/lib/python3.10/dist-packages/mecanumbot_msgs/mecanumbot_msgs_s__rosidl_typesupport_introspection_c.cpython-310-x86_64-linux-gnu.so
-- Up-to-date symlink: /home/rehawild/Desktop/mecanumbot_new/install/mecanumbot_msgs/local/lib/python3.10/dist-packages/mecanumbot_msgs/mecanumbot_msgs_s__rosidl_typesupport_c.cpython-310-x86_64-linux-gnu.so
-- Symlinking: /home/rehawild/Desktop/mecanumbot_new/install/mecanumbot_msgs/share/mecanumbot_msgs/msg/SensorState.idl
-- Symlinking: /home/rehawild/Desktop/mecanumbot_new/install/mecanumbot_msgs/share/mecanumbot_msgs/msg/AccessMotorCmd.idl
-- Symlinking: /home/rehawild/Desktop/mecanumbot_new/install/mecanumbot_msgs/share/mecanumbot_msgs/msg/OpenCRState.idl
-- Symlinking: /home/rehawild/Desktop/mecanumbot_new/install/mecanumbot_msgs/share/mecanumbot_msgs/srv/GetLedStatus.idl
-- Symlinking: /home/rehawild/Desktop/mecanumbot_new/install/mecanumbot_msgs/share/mecanumbot_msgs/srv/SetLedStatus.idl
-- Symlinking: /home/rehawild/Desktop/mecanumbot_new/install/mecanumbot_msgs/share/mecanumbot_msgs/msg/SensorState.msg
-- Symlinking: /home/rehawild/Desktop/mecanumbot_new/install/mecanumbot_msgs/share/mecanumbot_msgs/msg/AccessMotorCmd.msg
-- Symlinking: /home/rehawild/Desktop/mecanumbot_new/install/mecanumbot_msgs/share/mecanumbot_msgs/msg/OpenCRState.msg
-- Symlinking: /home/rehawild/Desktop/mecanumbot_new/install/mecanumbot_msgs/share/mecanumbot_msgs/srv/GetLedStatus.srv
-- Symlinking: /home/rehawild/Desktop/mecanumbot_new/install/mecanumbot_msgs/share/mecanumbot_msgs/srv/GetLedStatus_Request.msg
-- Symlinking: /home/rehawild/Desktop/mecanumbot_new/install/mecanumbot_msgs/share/mecanumbot_msgs/srv/GetLedStatus_Response.msg
-- Symlinking: /home/rehawild/Desktop/mecanumbot_new/install/mecanumbot_msgs/share/mecanumbot_msgs/srv/SetLedStatus.srv
-- Symlinking: /home/rehawild/Desktop/mecanumbot_new/install/mecanumbot_msgs/share/mecanumbot_msgs/srv/SetLedStatus_Request.msg
-- Symlinking: /home/rehawild/Desktop/mecanumbot_new/install/mecanumbot_msgs/share/mecanumbot_msgs/srv/SetLedStatus_Response.msg
-- Symlinking: /home/rehawild/Desktop/mecanumbot_new/install/mecanumbot_msgs/share/ament_index/resource_index/package_run_dependencies/mecanumbot_msgs
-- Symlinking: /home/rehawild/Desktop/mecanumbot_new/install/mecanumbot_msgs/share/ament_index/resource_index/parent_prefix_path/mecanumbot_msgs
-- Symlinking: /home/rehawild/Desktop/mecanumbot_new/install/mecanumbot_msgs/share/mecanumbot_msgs/environment/ament_prefix_path.sh
-- Symlinking: /home/rehawild/Desktop/mecanumbot_new/install/mecanumbot_msgs/share/mecanumbot_msgs/environment/ament_prefix_path.dsv
-- Symlinking: /home/rehawild/Desktop/mecanumbot_new/install/mecanumbot_msgs/share/mecanumbot_msgs/environment/path.sh
-- Symlinking: /home/rehawild/Desktop/mecanumbot_new/install/mecanumbot_msgs/share/mecanumbot_msgs/environment/path.dsv
-- Symlinking: /home/rehawild/Desktop/mecanumbot_new/install/mecanumbot_msgs/share/mecanumbot_msgs/local_setup.bash
-- Symlinking: /home/rehawild/Desktop/mecanumbot_new/install/mecanumbot_msgs/share/mecanumbot_msgs/local_setup.sh
-- Symlinking: /home/rehawild/Desktop/mecanumbot_new/install/mecanumbot_msgs/share/mecanumbot_msgs/local_setup.zsh
-- Symlinking: /home/rehawild/Desktop/mecanumbot_new/install/mecanumbot_msgs/share/mecanumbot_msgs/local_setup.dsv
-- Symlinking: /home/rehawild/Desktop/mecanumbot_new/install/mecanumbot_msgs/share/mecanumbot_msgs/package.dsv
-- Symlinking: /home/rehawild/Desktop/mecanumbot_new/install/mecanumbot_msgs/share/ament_index/resource_index/packages/mecanumbot_msgs
-- Symlinking: /home/rehawild/Desktop/mecanumbot_new/install/mecanumbot_msgs/share/mecanumbot_msgs/cmake/rosidl_cmake-extras.cmake
-- Symlinking: /home/rehawild/Desktop/mecanumbot_new/install/mecanumbot_msgs/share/mecanumbot_msgs/cmake/ament_cmake_export_dependencies-extras.cmake
-- Symlinking: /home/rehawild/Desktop/mecanumbot_new/install/mecanumbot_msgs/share/mecanumbot_msgs/cmake/ament_cmake_export_include_directories-extras.cmake
-- Symlinking: /home/rehawild/Desktop/mecanumbot_new/install/mecanumbot_msgs/share/mecanumbot_msgs/cmake/ament_cmake_export_libraries-extras.cmake
-- Symlinking: /home/rehawild/Desktop/mecanumbot_new/install/mecanumbot_msgs/share/mecanumbot_msgs/cmake/ament_cmake_export_targets-extras.cmake
-- Symlinking: /home/rehawild/Desktop/mecanumbot_new/install/mecanumbot_msgs/share/mecanumbot_msgs/cmake/rosidl_cmake_export_typesupport_targets-extras.cmake
-- Symlinking: /home/rehawild/Desktop/mecanumbot_new/install/mecanumbot_msgs/share/mecanumbot_msgs/cmake/rosidl_cmake_export_typesupport_libraries-extras.cmake
-- Symlinking: /home/rehawild/Desktop/mecanumbot_new/install/mecanumbot_msgs/share/mecanumbot_msgs/cmake/mecanumbot_msgsConfig.cmake
-- Symlinking: /home/rehawild/Desktop/mecanumbot_new/install/mecanumbot_msgs/share/mecanumbot_msgs/cmake/mecanumbot_msgsConfig-version.cmake
-- Symlinking: /home/rehawild/Desktop/mecanumbot_new/install/mecanumbot_msgs/share/mecanumbot_msgs/package.xml
-- Installing: /home/rehawild/Desktop/mecanumbot_new/install/mecanumbot_msgs/lib/libmecanumbot_msgs__rosidl_generator_c.so
-- Set runtime path of "/home/rehawild/Desktop/mecanumbot_new/install/mecanumbot_msgs/lib/libmecanumbot_msgs__rosidl_generator_c.so" to ""
-- Installing: /home/rehawild/Desktop/mecanumbot_new/install/mecanumbot_msgs/lib/libmecanumbot_msgs__rosidl_typesupport_fastrtps_c.so
-- Set runtime path of "/home/rehawild/Desktop/mecanumbot_new/install/mecanumbot_msgs/lib/libmecanumbot_msgs__rosidl_typesupport_fastrtps_c.so" to ""
-- Installing: /home/rehawild/Desktop/mecanumbot_new/install/mecanumbot_msgs/lib/libmecanumbot_msgs__rosidl_typesupport_introspection_c.so
-- Set runtime path of "/home/rehawild/Desktop/mecanumbot_new/install/mecanumbot_msgs/lib/libmecanumbot_msgs__rosidl_typesupport_introspection_c.so" to ""
-- Installing: /home/rehawild/Desktop/mecanumbot_new/install/mecanumbot_msgs/lib/libmecanumbot_msgs__rosidl_typesupport_c.so
-- Set runtime path of "/home/rehawild/Desktop/mecanumbot_new/install/mecanumbot_msgs/lib/libmecanumbot_msgs__rosidl_typesupport_c.so" to ""
-- Installing: /home/rehawild/Desktop/mecanumbot_new/install/mecanumbot_msgs/lib/libmecanumbot_msgs__rosidl_typesupport_fastrtps_cpp.so
-- Set runtime path of "/home/rehawild/Desktop/mecanumbot_new/install/mecanumbot_msgs/lib/libmecanumbot_msgs__rosidl_typesupport_fastrtps_cpp.so" to ""
-- Installing: /home/rehawild/Desktop/mecanumbot_new/install/mecanumbot_msgs/lib/libmecanumbot_msgs__rosidl_typesupport_introspection_cpp.so
-- Set runtime path of "/home/rehawild/Desktop/mecanumbot_new/install/mecanumbot_msgs/lib/libmecanumbot_msgs__rosidl_typesupport_introspection_cpp.so" to ""
-- Installing: /home/rehawild/Desktop/mecanumbot_new/install/mecanumbot_msgs/lib/libmecanumbot_msgs__rosidl_typesupport_cpp.so
-- Set runtime path of "/home/rehawild/Desktop/mecanumbot_new/install/mecanumbot_msgs/lib/libmecanumbot_msgs__rosidl_typesupport_cpp.so" to ""
Listing '/home/rehawild/Desktop/mecanumbot_new/install/mecanumbot_msgs/local/lib/python3.10/dist-packages/mecanumbot_msgs'...
Compiling '/home/rehawild/Desktop/mecanumbot_new/install/mecanumbot_msgs/local/lib/python3.10/dist-packages/mecanumbot_msgs/__init__.py'...
Listing '/home/rehawild/Desktop/mecanumbot_new/install/mecanumbot_msgs/local/lib/python3.10/dist-packages/mecanumbot_msgs/msg'...
Compiling '/home/rehawild/Desktop/mecanumbot_new/install/mecanumbot_msgs/local/lib/python3.10/dist-packages/mecanumbot_msgs/msg/__init__.py'...
Compiling '/home/rehawild/Desktop/mecanumbot_new/install/mecanumbot_msgs/local/lib/python3.10/dist-packages/mecanumbot_msgs/msg/_access_motor_cmd.py'...
Compiling '/home/rehawild/Desktop/mecanumbot_new/install/mecanumbot_msgs/local/lib/python3.10/dist-packages/mecanumbot_msgs/msg/_open_cr_state.py'...
Compiling '/home/rehawild/Desktop/mecanumbot_new/install/mecanumbot_msgs/local/lib/python3.10/dist-packages/mecanumbot_msgs/msg/_sensor_state.py'...
Listing '/home/rehawild/Desktop/mecanumbot_new/install/mecanumbot_msgs/local/lib/python3.10/dist-packages/mecanumbot_msgs/srv'...
Compiling '/home/rehawild/Desktop/mecanumbot_new/install/mecanumbot_msgs/local/lib/python3.10/dist-packages/mecanumbot_msgs/srv/__init__.py'...
Compiling '/home/rehawild/Desktop/mecanumbot_new/install/mecanumbot_msgs/local/lib/python3.10/dist-packages/mecanumbot_msgs/srv/_get_led_status.py'...
Compiling '/home/rehawild/Desktop/mecanumbot_new/install/mecanumbot_msgs/local/lib/python3.10/dist-packages/mecanumbot_msgs/srv/_set_led_status.py'...
-- Installing: /home/rehawild/Desktop/mecanumbot_new/install/mecanumbot_msgs/lib/libmecanumbot_msgs__rosidl_generator_py.so
-- Set runtime path of "/home/rehawild/Desktop/mecanumbot_new/install/mecanumbot_msgs/lib/libmecanumbot_msgs__rosidl_generator_py.so" to ""
-- Installing: /home/rehawild/Desktop/mecanumbot_new/install/mecanumbot_msgs/share/mecanumbot_msgs/cmake/export_mecanumbot_msgs__rosidl_generator_cExport.cmake
-- Installing: /home/rehawild/Desktop/mecanumbot_new/install/mecanumbot_msgs/share/mecanumbot_msgs/cmake/export_mecanumbot_msgs__rosidl_generator_cExport-noconfig.cmake
-- Installing: /home/rehawild/Desktop/mecanumbot_new/install/mecanumbot_msgs/share/mecanumbot_msgs/cmake/export_mecanumbot_msgs__rosidl_typesupport_fastrtps_cExport.cmake
-- Installing: /home/rehawild/Desktop/mecanumbot_new/install/mecanumbot_msgs/share/mecanumbot_msgs/cmake/export_mecanumbot_msgs__rosidl_typesupport_fastrtps_cExport-noconfig.cmake
-- Installing: /home/rehawild/Desktop/mecanumbot_new/install/mecanumbot_msgs/share/mecanumbot_msgs/cmake/mecanumbot_msgs__rosidl_typesupport_introspection_cExport.cmake
-- Installing: /home/rehawild/Desktop/mecanumbot_new/install/mecanumbot_msgs/share/mecanumbot_msgs/cmake/mecanumbot_msgs__rosidl_typesupport_introspection_cExport-noconfig.cmake
-- Installing: /home/rehawild/Desktop/mecanumbot_new/install/mecanumbot_msgs/share/mecanumbot_msgs/cmake/mecanumbot_msgs__rosidl_typesupport_cExport.cmake
-- Installing: /home/rehawild/Desktop/mecanumbot_new/install/mecanumbot_msgs/share/mecanumbot_msgs/cmake/mecanumbot_msgs__rosidl_typesupport_cExport-noconfig.cmake
-- Installing: /home/rehawild/Desktop/mecanumbot_new/install/mecanumbot_msgs/share/mecanumbot_msgs/cmake/export_mecanumbot_msgs__rosidl_generator_cppExport.cmake
-- Installing: /home/rehawild/Desktop/mecanumbot_new/install/mecanumbot_msgs/share/mecanumbot_msgs/cmake/export_mecanumbot_msgs__rosidl_typesupport_fastrtps_cppExport.cmake
-- Installing: /home/rehawild/Desktop/mecanumbot_new/install/mecanumbot_msgs/share/mecanumbot_msgs/cmake/export_mecanumbot_msgs__rosidl_typesupport_fastrtps_cppExport-noconfig.cmake
-- Installing: /home/rehawild/Desktop/mecanumbot_new/install/mecanumbot_msgs/share/mecanumbot_msgs/cmake/mecanumbot_msgs__rosidl_typesupport_introspection_cppExport.cmake
-- Installing: /home/rehawild/Desktop/mecanumbot_new/install/mecanumbot_msgs/share/mecanumbot_msgs/cmake/mecanumbot_msgs__rosidl_typesupport_introspection_cppExport-noconfig.cmake
-- Installing: /home/rehawild/Desktop/mecanumbot_new/install/mecanumbot_msgs/share/mecanumbot_msgs/cmake/mecanumbot_msgs__rosidl_typesupport_cppExport.cmake
-- Installing: /home/rehawild/Desktop/mecanumbot_new/install/mecanumbot_msgs/share/mecanumbot_msgs/cmake/mecanumbot_msgs__rosidl_typesupport_cppExport-noconfig.cmake
-- Installing: /home/rehawild/Desktop/mecanumbot_new/install/mecanumbot_msgs/share/mecanumbot_msgs/cmake/export_mecanumbot_msgs__rosidl_generator_pyExport.cmake
-- Installing: /home/rehawild/Desktop/mecanumbot_new/install/mecanumbot_msgs/share/mecanumbot_msgs/cmake/export_mecanumbot_msgs__rosidl_generator_pyExport-noconfig.cmake
