[0.153s] Invoking command in '/home/rehawild/Desktop/mecanumbot_new/build/mecanumbot_msgs': CMAKE_PREFIX_PATH=${CMAKE_PREFIX_PATH}:/home/rehawild/Desktop/mecanumbot_new/install/mecanumbot_teleop:/home/rehawild/Desktop/mecanumbot_new/install/mecanumbot_sensorprocess_smart:/home/rehawild/Desktop/mecanumbot_new/install/mecanumbot_ledgui:/home/rehawild/Desktop/mecanumbot_new/install/mecanumbot_led:/home/rehawild/Desktop/mecanumbot_new/install/mecanumbot_monitor:/home/rehawild/Desktop/mecanumbot_new/install/mecanumbot_leading_behaviour:/home/rehawild/Desktop/mecanumbot_new/install/mecanumbot_core:/home/rehawild/ros2_ws/install/my_py_pkg:/opt/ros/humble /usr/bin/cmake /home/rehawild/Desktop/mecanumbot_new/src/mecanumbot_msgs/mecanumbot_msgs -DAMENT_CMAKE_SYMLINK_INSTALL=1 -DCMAKE_INSTALL_PREFIX=/home/rehawild/Desktop/mecanumbot_new/install/mecanumbot_msgs
[2.529s] -- The C compiler identification is GNU 11.4.0
[2.529s] -- The CXX compiler identification is GNU 11.4.0
[2.530s] -- Detecting C compiler ABI info
[2.530s] -- Detecting C compiler ABI info - done
[2.531s] -- Check for working C compiler: /usr/bin/cc - skipped
[2.531s] -- Detecting C compile features
[2.531s] -- Detecting C compile features - done
[2.532s] -- Detecting CXX compiler ABI info
[2.533s] -- Detecting CXX compiler ABI info - done
[2.533s] -- Check for working CXX compiler: /usr/bin/c++ - skipped
[2.533s] -- Detecting CXX compile features
[2.534s] -- Detecting CXX compile features - done
[2.534s] -- Found ament_cmake: 1.3.13 (/opt/ros/humble/share/ament_cmake/cmake)
[2.535s] -- Found Python3: /usr/bin/python3 (found version "3.10.12") found components: Interpreter 
[2.535s] -- Override CMake install command with custom implementation using symlinks instead of copying resources
[2.536s] -- Found rosidl_default_generators: 1.2.0 (/opt/ros/humble/share/rosidl_default_generators/cmake)
[2.536s] -- Using all available rosidl_typesupport_c: rosidl_typesupport_fastrtps_c;rosidl_typesupport_introspection_c
[2.536s] -- Found rosidl_adapter: 3.1.8 (/opt/ros/humble/share/rosidl_adapter/cmake)
[2.537s] -- Using all available rosidl_typesupport_cpp: rosidl_typesupport_fastrtps_cpp;rosidl_typesupport_introspection_cpp
[2.537s] -- Found std_msgs: 4.9.1 (/opt/ros/humble/share/std_msgs/cmake)
[2.537s] -- Found geometry_msgs: 4.9.1 (/opt/ros/humble/share/geometry_msgs/cmake)
[2.537s] -- Found ament_cmake_cppcheck: 0.12.15 (/opt/ros/humble/share/ament_cmake_cppcheck/cmake)
[2.538s] -- Found ament_cmake_cpplint: 0.12.15 (/opt/ros/humble/share/ament_cmake_cpplint/cmake)
[2.538s] -- Found ament_cmake_uncrustify: 0.12.15 (/opt/ros/humble/share/ament_cmake_uncrustify/cmake)
[2.538s] -- Found ament_cmake_ros: 0.10.0 (/opt/ros/humble/share/ament_cmake_ros/cmake)
[3.359s] -- Using all available rosidl_typesupport_c: rosidl_typesupport_fastrtps_c;rosidl_typesupport_introspection_c
[4.453s] -- Using all available rosidl_typesupport_cpp: rosidl_typesupport_fastrtps_cpp;rosidl_typesupport_introspection_cpp
[4.491s] -- Found PythonInterp: /usr/bin/python3 (found suitable version "3.10.12", minimum required is "3.6") 
[4.491s] -- Found python_cmake_module: 0.10.0 (/opt/ros/humble/share/python_cmake_module/cmake)
[4.531s] -- Found PythonLibs: /usr/lib/x86_64-linux-gnu/libpython3.10.so (found suitable version "3.10.12", minimum required is "3.5") 
[4.532s] -- Using PYTHON_EXECUTABLE: /usr/bin/python3
[4.532s] -- Using PYTHON_INCLUDE_DIRS: /usr/include/python3.10
[4.532s] -- Using PYTHON_LIBRARIES: /usr/lib/x86_64-linux-gnu/libpython3.10.so
[4.587s] -- Found PythonExtra: .so  
[4.833s] -- Found ament_cmake_flake8: 0.12.15 (/opt/ros/humble/share/ament_cmake_flake8/cmake)
[4.839s] -- Found ament_cmake_pep257: 0.12.15 (/opt/ros/humble/share/ament_cmake_pep257/cmake)
[4.854s] -- Found ament_lint_auto: 0.12.15 (/opt/ros/humble/share/ament_lint_auto/cmake)
[4.930s] -- Added test 'lint_cmake' to check CMake code style
[4.931s] -- Added test 'xmllint' to check XML markup files
[4.944s] -- Configuring done
[5.086s] -- Generating done
[5.112s] -- Build files have been written to: /home/rehawild/Desktop/mecanumbot_new/build/mecanumbot_msgs
[5.161s] Invoked command in '/home/rehawild/Desktop/mecanumbot_new/build/mecanumbot_msgs' returned '0': CMAKE_PREFIX_PATH=${CMAKE_PREFIX_PATH}:/home/rehawild/Desktop/mecanumbot_new/install/mecanumbot_teleop:/home/rehawild/Desktop/mecanumbot_new/install/mecanumbot_sensorprocess_smart:/home/rehawild/Desktop/mecanumbot_new/install/mecanumbot_ledgui:/home/rehawild/Desktop/mecanumbot_new/install/mecanumbot_led:/home/rehawild/Desktop/mecanumbot_new/install/mecanumbot_monitor:/home/rehawild/Desktop/mecanumbot_new/install/mecanumbot_leading_behaviour:/home/rehawild/Desktop/mecanumbot_new/install/mecanumbot_core:/home/rehawild/ros2_ws/install/my_py_pkg:/opt/ros/humble /usr/bin/cmake /home/rehawild/Desktop/mecanumbot_new/src/mecanumbot_msgs/mecanumbot_msgs -DAMENT_CMAKE_SYMLINK_INSTALL=1 -DCMAKE_INSTALL_PREFIX=/home/rehawild/Desktop/mecanumbot_new/install/mecanumbot_msgs
[5.167s] Invoking command in '/home/rehawild/Desktop/mecanumbot_new/build/mecanumbot_msgs': CMAKE_PREFIX_PATH=${CMAKE_PREFIX_PATH}:/home/rehawild/Desktop/mecanumbot_new/install/mecanumbot_teleop:/home/rehawild/Desktop/mecanumbot_new/install/mecanumbot_sensorprocess_smart:/home/rehawild/Desktop/mecanumbot_new/install/mecanumbot_ledgui:/home/rehawild/Desktop/mecanumbot_new/install/mecanumbot_led:/home/rehawild/Desktop/mecanumbot_new/install/mecanumbot_monitor:/home/rehawild/Desktop/mecanumbot_new/install/mecanumbot_leading_behaviour:/home/rehawild/Desktop/mecanumbot_new/install/mecanumbot_core:/home/rehawild/ros2_ws/install/my_py_pkg:/opt/ros/humble /usr/bin/cmake --build /home/rehawild/Desktop/mecanumbot_new/build/mecanumbot_msgs -- -j8 -l8
[5.354s] [  1%] [34m[1mGenerating C code for ROS interfaces[0m
[5.370s] [  3%] [34m[1mGenerating C++ code for ROS interfaces[0m
[5.388s] [  3%] Built target ament_cmake_python_symlink_mecanumbot_msgs
[6.081s] running egg_info
[6.081s] creating mecanumbot_msgs.egg-info
[6.085s] writing mecanumbot_msgs.egg-info/PKG-INFO
[6.085s] writing dependency_links to mecanumbot_msgs.egg-info/dependency_links.txt
[6.085s] writing top-level names to mecanumbot_msgs.egg-info/top_level.txt
[6.085s] writing manifest file 'mecanumbot_msgs.egg-info/SOURCES.txt'
[6.089s] reading manifest file 'mecanumbot_msgs.egg-info/SOURCES.txt'
[6.093s] writing manifest file 'mecanumbot_msgs.egg-info/SOURCES.txt'
[6.178s] [  3%] Built target ament_cmake_python_build_mecanumbot_msgs_egg
[7.405s] [  3%] Built target mecanumbot_msgs__cpp
[7.415s] [  6%] [34m[1mGenerating C++ type support dispatch for ROS interfaces[0m
[7.415s] [  7%] [34m[1mGenerating C++ type support for eProsima Fast-RTPS[0m
[7.415s] [  6%] [34m[1mGenerating C++ introspection for ROS interfaces[0m
[7.430s] [  9%] [32mBuilding C object CMakeFiles/mecanumbot_msgs__rosidl_generator_c.dir/rosidl_generator_c/mecanumbot_msgs/msg/detail/access_motor_cmd__functions.c.o[0m
[7.431s] [ 12%] [32mBuilding C object CMakeFiles/mecanumbot_msgs__rosidl_generator_c.dir/rosidl_generator_c/mecanumbot_msgs/msg/detail/open_cr_state__functions.c.o[0m
[7.432s] [ 12%] [32mBuilding C object CMakeFiles/mecanumbot_msgs__rosidl_generator_c.dir/rosidl_generator_c/mecanumbot_msgs/msg/detail/sensor_state__functions.c.o[0m
[7.434s] [ 14%] [32mBuilding C object CMakeFiles/mecanumbot_msgs__rosidl_generator_c.dir/rosidl_generator_c/mecanumbot_msgs/srv/detail/set_led_status__functions.c.o[0m
[7.440s] [ 15%] [32mBuilding C object CMakeFiles/mecanumbot_msgs__rosidl_generator_c.dir/rosidl_generator_c/mecanumbot_msgs/srv/detail/get_led_status__functions.c.o[0m
[7.648s] [ 17%] [32m[1mLinking C shared library libmecanumbot_msgs__rosidl_generator_c.so[0m
[7.732s] [ 17%] Built target mecanumbot_msgs__rosidl_generator_c
[7.749s] [ 19%] [34m[1mGenerating C type support for eProsima Fast-RTPS[0m
[7.749s] [ 20%] [34m[1mGenerating C type support dispatch for ROS interfaces[0m
[7.751s] [ 22%] [34m[1mGenerating C introspection for ROS interfaces[0m
[9.105s] [ 23%] [32mBuilding CXX object CMakeFiles/mecanumbot_msgs__rosidl_typesupport_cpp.dir/rosidl_typesupport_cpp/mecanumbot_msgs/msg/access_motor_cmd__type_support.cpp.o[0m
[9.114s] [ 25%] [32mBuilding CXX object CMakeFiles/mecanumbot_msgs__rosidl_typesupport_cpp.dir/rosidl_typesupport_cpp/mecanumbot_msgs/msg/sensor_state__type_support.cpp.o[0m
[9.124s] [ 26%] [32mBuilding CXX object CMakeFiles/mecanumbot_msgs__rosidl_typesupport_cpp.dir/rosidl_typesupport_cpp/mecanumbot_msgs/msg/open_cr_state__type_support.cpp.o[0m
[9.772s] [ 28%] [32mBuilding CXX object CMakeFiles/mecanumbot_msgs__rosidl_typesupport_introspection_cpp.dir/rosidl_typesupport_introspection_cpp/mecanumbot_msgs/msg/detail/sensor_state__type_support.cpp.o[0m
[9.997s] [ 30%] [32mBuilding CXX object CMakeFiles/mecanumbot_msgs__rosidl_typesupport_c.dir/rosidl_typesupport_c/mecanumbot_msgs/msg/sensor_state__type_support.cpp.o[0m
[10.061s] [ 31%] [32mBuilding CXX object CMakeFiles/mecanumbot_msgs__rosidl_typesupport_c.dir/rosidl_typesupport_c/mecanumbot_msgs/msg/access_motor_cmd__type_support.cpp.o[0m
[10.111s] [ 33%] [32mBuilding CXX object CMakeFiles/mecanumbot_msgs__rosidl_typesupport_c.dir/rosidl_typesupport_c/mecanumbot_msgs/msg/open_cr_state__type_support.cpp.o[0m
[10.143s] [ 34%] [32mBuilding CXX object CMakeFiles/mecanumbot_msgs__rosidl_typesupport_c.dir/rosidl_typesupport_c/mecanumbot_msgs/srv/get_led_status__type_support.cpp.o[0m
[10.166s] [ 36%] [32mBuilding CXX object CMakeFiles/mecanumbot_msgs__rosidl_typesupport_cpp.dir/rosidl_typesupport_cpp/mecanumbot_msgs/srv/get_led_status__type_support.cpp.o[0m
[10.237s] [ 38%] [32mBuilding CXX object CMakeFiles/mecanumbot_msgs__rosidl_typesupport_c.dir/rosidl_typesupport_c/mecanumbot_msgs/srv/set_led_status__type_support.cpp.o[0m
[10.238s] [ 39%] [32mBuilding CXX object CMakeFiles/mecanumbot_msgs__rosidl_typesupport_cpp.dir/rosidl_typesupport_cpp/mecanumbot_msgs/srv/set_led_status__type_support.cpp.o[0m
[10.249s] [ 41%] [32mBuilding CXX object CMakeFiles/mecanumbot_msgs__rosidl_typesupport_introspection_cpp.dir/rosidl_typesupport_introspection_cpp/mecanumbot_msgs/msg/detail/access_motor_cmd__type_support.cpp.o[0m
[10.342s] [ 42%] [32m[1mLinking CXX shared library libmecanumbot_msgs__rosidl_typesupport_c.so[0m
[10.477s] [ 44%] [32mBuilding CXX object CMakeFiles/mecanumbot_msgs__rosidl_typesupport_fastrtps_cpp.dir/rosidl_typesupport_fastrtps_cpp/mecanumbot_msgs/msg/detail/dds_fastrtps/sensor_state__type_support.cpp.o[0m
[10.489s] [ 44%] Built target mecanumbot_msgs__rosidl_typesupport_c
[10.543s] [ 46%] [32mBuilding CXX object CMakeFiles/mecanumbot_msgs__rosidl_typesupport_introspection_cpp.dir/rosidl_typesupport_introspection_cpp/mecanumbot_msgs/msg/detail/open_cr_state__type_support.cpp.o[0m
[10.930s] [ 47%] [32mBuilding C object CMakeFiles/mecanumbot_msgs__rosidl_typesupport_introspection_c.dir/rosidl_typesupport_introspection_c/mecanumbot_msgs/msg/detail/sensor_state__type_support.c.o[0m
[11.006s] [ 49%] [32mBuilding C object CMakeFiles/mecanumbot_msgs__rosidl_typesupport_introspection_c.dir/rosidl_typesupport_introspection_c/mecanumbot_msgs/msg/detail/access_motor_cmd__type_support.c.o[0m
[11.088s] [ 50%] [32mBuilding CXX object CMakeFiles/mecanumbot_msgs__rosidl_typesupport_fastrtps_c.dir/rosidl_typesupport_fastrtps_c/mecanumbot_msgs/msg/detail/sensor_state__type_support_c.cpp.o[0m
[11.157s] [ 52%] [32mBuilding C object CMakeFiles/mecanumbot_msgs__rosidl_typesupport_introspection_c.dir/rosidl_typesupport_introspection_c/mecanumbot_msgs/msg/detail/open_cr_state__type_support.c.o[0m
[11.385s] [ 53%] [32mBuilding C object CMakeFiles/mecanumbot_msgs__rosidl_typesupport_introspection_c.dir/rosidl_typesupport_introspection_c/mecanumbot_msgs/srv/detail/get_led_status__type_support.c.o[0m
[11.402s] [ 55%] [32mBuilding C object CMakeFiles/mecanumbot_msgs__rosidl_typesupport_introspection_c.dir/rosidl_typesupport_introspection_c/mecanumbot_msgs/srv/detail/set_led_status__type_support.c.o[0m
[11.415s] [ 57%] [32mBuilding CXX object CMakeFiles/mecanumbot_msgs__rosidl_typesupport_introspection_cpp.dir/rosidl_typesupport_introspection_cpp/mecanumbot_msgs/srv/detail/get_led_status__type_support.cpp.o[0m
[11.424s] [ 58%] [32m[1mLinking CXX shared library libmecanumbot_msgs__rosidl_typesupport_cpp.so[0m
[11.520s] [ 60%] [32m[1mLinking C shared library libmecanumbot_msgs__rosidl_typesupport_introspection_c.so[0m
[11.520s] [ 61%] [32mBuilding CXX object CMakeFiles/mecanumbot_msgs__rosidl_typesupport_fastrtps_cpp.dir/rosidl_typesupport_fastrtps_cpp/mecanumbot_msgs/msg/detail/dds_fastrtps/access_motor_cmd__type_support.cpp.o[0m
[11.539s] [ 63%] [32mBuilding CXX object CMakeFiles/mecanumbot_msgs__rosidl_typesupport_fastrtps_c.dir/rosidl_typesupport_fastrtps_c/mecanumbot_msgs/msg/detail/access_motor_cmd__type_support_c.cpp.o[0m
[11.584s] [ 63%] Built target mecanumbot_msgs__rosidl_typesupport_cpp
[11.641s] [ 65%] [32mBuilding CXX object CMakeFiles/mecanumbot_msgs__rosidl_typesupport_fastrtps_cpp.dir/rosidl_typesupport_fastrtps_cpp/mecanumbot_msgs/msg/detail/dds_fastrtps/open_cr_state__type_support.cpp.o[0m
[11.643s] [ 65%] Built target mecanumbot_msgs__rosidl_typesupport_introspection_c
[11.667s] [ 66%] [32mBuilding CXX object CMakeFiles/mecanumbot_msgs__rosidl_typesupport_fastrtps_cpp.dir/rosidl_typesupport_fastrtps_cpp/mecanumbot_msgs/srv/detail/dds_fastrtps/get_led_status__type_support.cpp.o[0m
[11.785s] [ 68%] [32mBuilding CXX object CMakeFiles/mecanumbot_msgs__rosidl_typesupport_introspection_cpp.dir/rosidl_typesupport_introspection_cpp/mecanumbot_msgs/srv/detail/set_led_status__type_support.cpp.o[0m
[11.932s] [ 69%] [32mBuilding CXX object CMakeFiles/mecanumbot_msgs__rosidl_typesupport_fastrtps_cpp.dir/rosidl_typesupport_fastrtps_cpp/mecanumbot_msgs/srv/detail/dds_fastrtps/set_led_status__type_support.cpp.o[0m
[12.445s] [ 71%] [32mBuilding CXX object CMakeFiles/mecanumbot_msgs__rosidl_typesupport_fastrtps_c.dir/rosidl_typesupport_fastrtps_c/mecanumbot_msgs/msg/detail/open_cr_state__type_support_c.cpp.o[0m
[13.003s] [ 73%] [32mBuilding CXX object CMakeFiles/mecanumbot_msgs__rosidl_typesupport_fastrtps_c.dir/rosidl_typesupport_fastrtps_c/mecanumbot_msgs/srv/detail/get_led_status__type_support_c.cpp.o[0m
[13.034s] [ 74%] [32mBuilding CXX object CMakeFiles/mecanumbot_msgs__rosidl_typesupport_fastrtps_c.dir/rosidl_typesupport_fastrtps_c/mecanumbot_msgs/srv/detail/set_led_status__type_support_c.cpp.o[0m
[13.205s] [ 76%] [32m[1mLinking CXX shared library libmecanumbot_msgs__rosidl_typesupport_introspection_cpp.so[0m
[13.358s] [ 76%] Built target mecanumbot_msgs__rosidl_typesupport_introspection_cpp
[13.403s] [ 77%] [32m[1mLinking CXX shared library libmecanumbot_msgs__rosidl_typesupport_fastrtps_cpp.so[0m
[13.634s] [ 77%] Built target mecanumbot_msgs__rosidl_typesupport_fastrtps_cpp
[13.797s] [ 79%] [32m[1mLinking CXX shared library libmecanumbot_msgs__rosidl_typesupport_fastrtps_c.so[0m
[13.880s] [ 79%] Built target mecanumbot_msgs__rosidl_typesupport_fastrtps_c
[13.901s] [ 79%] Built target mecanumbot_msgs
[13.931s] [ 80%] [34m[1mGenerating Python code for ROS interfaces[0m
[16.365s] [ 80%] Built target mecanumbot_msgs__py
[16.427s] [ 82%] [32mBuilding C object CMakeFiles/mecanumbot_msgs__rosidl_generator_py.dir/rosidl_generator_py/mecanumbot_msgs/srv/_set_led_status_s.c.o[0m
[16.430s] [ 85%] [32mBuilding C object CMakeFiles/mecanumbot_msgs__rosidl_generator_py.dir/rosidl_generator_py/mecanumbot_msgs/msg/_access_motor_cmd_s.c.o[0m
[16.430s] [ 85%] [32mBuilding C object CMakeFiles/mecanumbot_msgs__rosidl_generator_py.dir/rosidl_generator_py/mecanumbot_msgs/msg/_open_cr_state_s.c.o[0m
[16.431s] [ 87%] [32mBuilding C object CMakeFiles/mecanumbot_msgs__rosidl_generator_py.dir/rosidl_generator_py/mecanumbot_msgs/msg/_sensor_state_s.c.o[0m
[16.431s] [ 88%] [32mBuilding C object CMakeFiles/mecanumbot_msgs__rosidl_generator_py.dir/rosidl_generator_py/mecanumbot_msgs/srv/_get_led_status_s.c.o[0m
[16.753s] [ 90%] [32m[1mLinking C shared library rosidl_generator_py/mecanumbot_msgs/libmecanumbot_msgs__rosidl_generator_py.so[0m
[16.806s] [ 90%] Built target mecanumbot_msgs__rosidl_generator_py
[16.855s] [ 92%] [32mBuilding C object CMakeFiles/mecanumbot_msgs__rosidl_typesupport_fastrtps_c__pyext.dir/rosidl_generator_py/mecanumbot_msgs/_mecanumbot_msgs_s.ep.rosidl_typesupport_fastrtps_c.c.o[0m
[16.856s] [ 93%] [32mBuilding C object CMakeFiles/mecanumbot_msgs__rosidl_typesupport_c__pyext.dir/rosidl_generator_py/mecanumbot_msgs/_mecanumbot_msgs_s.ep.rosidl_typesupport_c.c.o[0m
[16.857s] [ 95%] [32mBuilding C object CMakeFiles/mecanumbot_msgs__rosidl_typesupport_introspection_c__pyext.dir/rosidl_generator_py/mecanumbot_msgs/_mecanumbot_msgs_s.ep.rosidl_typesupport_introspection_c.c.o[0m
[17.157s] [ 96%] [32m[1mLinking C shared library rosidl_generator_py/mecanumbot_msgs/mecanumbot_msgs_s__rosidl_typesupport_introspection_c.cpython-310-x86_64-linux-gnu.so[0m
[17.163s] [ 98%] [32m[1mLinking C shared library rosidl_generator_py/mecanumbot_msgs/mecanumbot_msgs_s__rosidl_typesupport_c.cpython-310-x86_64-linux-gnu.so[0m
[17.169s] [100%] [32m[1mLinking C shared library rosidl_generator_py/mecanumbot_msgs/mecanumbot_msgs_s__rosidl_typesupport_fastrtps_c.cpython-310-x86_64-linux-gnu.so[0m
[17.206s] [100%] Built target mecanumbot_msgs__rosidl_typesupport_introspection_c__pyext
[17.212s] [100%] Built target mecanumbot_msgs__rosidl_typesupport_c__pyext
[17.212s] [100%] Built target mecanumbot_msgs__rosidl_typesupport_fastrtps_c__pyext
[17.224s] Invoked command in '/home/rehawild/Desktop/mecanumbot_new/build/mecanumbot_msgs' returned '0': CMAKE_PREFIX_PATH=${CMAKE_PREFIX_PATH}:/home/rehawild/Desktop/mecanumbot_new/install/mecanumbot_teleop:/home/rehawild/Desktop/mecanumbot_new/install/mecanumbot_sensorprocess_smart:/home/rehawild/Desktop/mecanumbot_new/install/mecanumbot_ledgui:/home/rehawild/Desktop/mecanumbot_new/install/mecanumbot_led:/home/rehawild/Desktop/mecanumbot_new/install/mecanumbot_monitor:/home/rehawild/Desktop/mecanumbot_new/install/mecanumbot_leading_behaviour:/home/rehawild/Desktop/mecanumbot_new/install/mecanumbot_core:/home/rehawild/ros2_ws/install/my_py_pkg:/opt/ros/humble /usr/bin/cmake --build /home/rehawild/Desktop/mecanumbot_new/build/mecanumbot_msgs -- -j8 -l8
[17.226s] Invoking command in '/home/rehawild/Desktop/mecanumbot_new/build/mecanumbot_msgs': CMAKE_PREFIX_PATH=${CMAKE_PREFIX_PATH}:/home/rehawild/Desktop/mecanumbot_new/install/mecanumbot_teleop:/home/rehawild/Desktop/mecanumbot_new/install/mecanumbot_sensorprocess_smart:/home/rehawild/Desktop/mecanumbot_new/install/mecanumbot_ledgui:/home/rehawild/Desktop/mecanumbot_new/install/mecanumbot_led:/home/rehawild/Desktop/mecanumbot_new/install/mecanumbot_monitor:/home/rehawild/Desktop/mecanumbot_new/install/mecanumbot_leading_behaviour:/home/rehawild/Desktop/mecanumbot_new/install/mecanumbot_core:/home/rehawild/ros2_ws/install/my_py_pkg:/opt/ros/humble /usr/bin/cmake --install /home/rehawild/Desktop/mecanumbot_new/build/mecanumbot_msgs
[17.234s] -- Install configuration: ""
[17.234s] -- Execute custom install script
[17.235s] -- Symlinking: /home/rehawild/Desktop/mecanumbot_new/install/mecanumbot_msgs/share/ament_index/resource_index/rosidl_interfaces/mecanumbot_msgs
[17.244s] -- Symlinking: /home/rehawild/Desktop/mecanumbot_new/install/mecanumbot_msgs/include/mecanumbot_msgs/mecanumbot_msgs/msg/access_motor_cmd.h
[17.253s] -- Symlinking: /home/rehawild/Desktop/mecanumbot_new/install/mecanumbot_msgs/include/mecanumbot_msgs/mecanumbot_msgs/msg/detail/access_motor_cmd__functions.h
[17.263s] -- Symlinking: /home/rehawild/Desktop/mecanumbot_new/install/mecanumbot_msgs/include/mecanumbot_msgs/mecanumbot_msgs/msg/detail/access_motor_cmd__struct.h
[17.271s] -- Symlinking: /home/rehawild/Desktop/mecanumbot_new/install/mecanumbot_msgs/include/mecanumbot_msgs/mecanumbot_msgs/msg/detail/access_motor_cmd__type_support.h
[17.281s] -- Symlinking: /home/rehawild/Desktop/mecanumbot_new/install/mecanumbot_msgs/include/mecanumbot_msgs/mecanumbot_msgs/msg/detail/open_cr_state__functions.h
[17.293s] -- Symlinking: /home/rehawild/Desktop/mecanumbot_new/install/mecanumbot_msgs/include/mecanumbot_msgs/mecanumbot_msgs/msg/detail/open_cr_state__struct.h
[17.306s] -- Symlinking: /home/rehawild/Desktop/mecanumbot_new/install/mecanumbot_msgs/include/mecanumbot_msgs/mecanumbot_msgs/msg/detail/open_cr_state__type_support.h
[17.321s] -- Symlinking: /home/rehawild/Desktop/mecanumbot_new/install/mecanumbot_msgs/include/mecanumbot_msgs/mecanumbot_msgs/msg/detail/sensor_state__functions.h
[17.336s] -- Symlinking: /home/rehawild/Desktop/mecanumbot_new/install/mecanumbot_msgs/include/mecanumbot_msgs/mecanumbot_msgs/msg/detail/sensor_state__struct.h
[17.351s] -- Symlinking: /home/rehawild/Desktop/mecanumbot_new/install/mecanumbot_msgs/include/mecanumbot_msgs/mecanumbot_msgs/msg/detail/sensor_state__type_support.h
[17.366s] -- Symlinking: /home/rehawild/Desktop/mecanumbot_new/install/mecanumbot_msgs/include/mecanumbot_msgs/mecanumbot_msgs/msg/open_cr_state.h
[17.380s] -- Symlinking: /home/rehawild/Desktop/mecanumbot_new/install/mecanumbot_msgs/include/mecanumbot_msgs/mecanumbot_msgs/msg/rosidl_generator_c__visibility_control.h
[17.396s] -- Symlinking: /home/rehawild/Desktop/mecanumbot_new/install/mecanumbot_msgs/include/mecanumbot_msgs/mecanumbot_msgs/msg/sensor_state.h
[17.410s] -- Symlinking: /home/rehawild/Desktop/mecanumbot_new/install/mecanumbot_msgs/include/mecanumbot_msgs/mecanumbot_msgs/srv/detail/get_led_status__functions.h
[17.425s] -- Symlinking: /home/rehawild/Desktop/mecanumbot_new/install/mecanumbot_msgs/include/mecanumbot_msgs/mecanumbot_msgs/srv/detail/get_led_status__struct.h
[17.443s] -- Symlinking: /home/rehawild/Desktop/mecanumbot_new/install/mecanumbot_msgs/include/mecanumbot_msgs/mecanumbot_msgs/srv/detail/get_led_status__type_support.h
[17.466s] -- Symlinking: /home/rehawild/Desktop/mecanumbot_new/install/mecanumbot_msgs/include/mecanumbot_msgs/mecanumbot_msgs/srv/detail/set_led_status__functions.h
[17.495s] -- Symlinking: /home/rehawild/Desktop/mecanumbot_new/install/mecanumbot_msgs/include/mecanumbot_msgs/mecanumbot_msgs/srv/detail/set_led_status__struct.h
[17.522s] -- Symlinking: /home/rehawild/Desktop/mecanumbot_new/install/mecanumbot_msgs/include/mecanumbot_msgs/mecanumbot_msgs/srv/detail/set_led_status__type_support.h
[17.549s] -- Symlinking: /home/rehawild/Desktop/mecanumbot_new/install/mecanumbot_msgs/include/mecanumbot_msgs/mecanumbot_msgs/srv/get_led_status.h
[17.577s] -- Symlinking: /home/rehawild/Desktop/mecanumbot_new/install/mecanumbot_msgs/include/mecanumbot_msgs/mecanumbot_msgs/srv/set_led_status.h
[17.606s] -- Symlinking: /home/rehawild/Desktop/mecanumbot_new/install/mecanumbot_msgs/share/mecanumbot_msgs/environment/library_path.sh
[17.634s] -- Symlinking: /home/rehawild/Desktop/mecanumbot_new/install/mecanumbot_msgs/share/mecanumbot_msgs/environment/library_path.dsv
[17.665s] -- Symlinking: /home/rehawild/Desktop/mecanumbot_new/install/mecanumbot_msgs/include/mecanumbot_msgs/mecanumbot_msgs/msg/detail/access_motor_cmd__rosidl_typesupport_fastrtps_c.h
[17.694s] -- Symlinking: /home/rehawild/Desktop/mecanumbot_new/install/mecanumbot_msgs/include/mecanumbot_msgs/mecanumbot_msgs/msg/detail/open_cr_state__rosidl_typesupport_fastrtps_c.h
[17.730s] -- Symlinking: /home/rehawild/Desktop/mecanumbot_new/install/mecanumbot_msgs/include/mecanumbot_msgs/mecanumbot_msgs/msg/detail/sensor_state__rosidl_typesupport_fastrtps_c.h
[17.755s] -- Symlinking: /home/rehawild/Desktop/mecanumbot_new/install/mecanumbot_msgs/include/mecanumbot_msgs/mecanumbot_msgs/msg/rosidl_typesupport_fastrtps_c__visibility_control.h
[17.785s] -- Symlinking: /home/rehawild/Desktop/mecanumbot_new/install/mecanumbot_msgs/include/mecanumbot_msgs/mecanumbot_msgs/srv/detail/get_led_status__rosidl_typesupport_fastrtps_c.h
[17.813s] -- Symlinking: /home/rehawild/Desktop/mecanumbot_new/install/mecanumbot_msgs/include/mecanumbot_msgs/mecanumbot_msgs/srv/detail/set_led_status__rosidl_typesupport_fastrtps_c.h
[17.847s] -- Symlinking: /home/rehawild/Desktop/mecanumbot_new/install/mecanumbot_msgs/include/mecanumbot_msgs/mecanumbot_msgs/msg/detail/access_motor_cmd__rosidl_typesupport_introspection_c.h
[17.875s] -- Symlinking: /home/rehawild/Desktop/mecanumbot_new/install/mecanumbot_msgs/include/mecanumbot_msgs/mecanumbot_msgs/msg/detail/open_cr_state__rosidl_typesupport_introspection_c.h
[17.903s] -- Symlinking: /home/rehawild/Desktop/mecanumbot_new/install/mecanumbot_msgs/include/mecanumbot_msgs/mecanumbot_msgs/msg/detail/sensor_state__rosidl_typesupport_introspection_c.h
[17.929s] -- Symlinking: /home/rehawild/Desktop/mecanumbot_new/install/mecanumbot_msgs/include/mecanumbot_msgs/mecanumbot_msgs/msg/rosidl_typesupport_introspection_c__visibility_control.h
[17.956s] -- Symlinking: /home/rehawild/Desktop/mecanumbot_new/install/mecanumbot_msgs/include/mecanumbot_msgs/mecanumbot_msgs/srv/detail/get_led_status__rosidl_typesupport_introspection_c.h
[17.984s] -- Symlinking: /home/rehawild/Desktop/mecanumbot_new/install/mecanumbot_msgs/include/mecanumbot_msgs/mecanumbot_msgs/srv/detail/set_led_status__rosidl_typesupport_introspection_c.h
[18.012s] -- Symlinking: /home/rehawild/Desktop/mecanumbot_new/install/mecanumbot_msgs/include/mecanumbot_msgs/mecanumbot_msgs/msg/access_motor_cmd.hpp
[18.039s] -- Symlinking: /home/rehawild/Desktop/mecanumbot_new/install/mecanumbot_msgs/include/mecanumbot_msgs/mecanumbot_msgs/msg/detail/access_motor_cmd__builder.hpp
[18.065s] -- Symlinking: /home/rehawild/Desktop/mecanumbot_new/install/mecanumbot_msgs/include/mecanumbot_msgs/mecanumbot_msgs/msg/detail/access_motor_cmd__struct.hpp
[18.093s] -- Symlinking: /home/rehawild/Desktop/mecanumbot_new/install/mecanumbot_msgs/include/mecanumbot_msgs/mecanumbot_msgs/msg/detail/access_motor_cmd__traits.hpp
[18.125s] -- Symlinking: /home/rehawild/Desktop/mecanumbot_new/install/mecanumbot_msgs/include/mecanumbot_msgs/mecanumbot_msgs/msg/detail/access_motor_cmd__type_support.hpp
[18.156s] -- Symlinking: /home/rehawild/Desktop/mecanumbot_new/install/mecanumbot_msgs/include/mecanumbot_msgs/mecanumbot_msgs/msg/detail/open_cr_state__builder.hpp
[18.182s] -- Symlinking: /home/rehawild/Desktop/mecanumbot_new/install/mecanumbot_msgs/include/mecanumbot_msgs/mecanumbot_msgs/msg/detail/open_cr_state__struct.hpp
[18.200s] -- Symlinking: /home/rehawild/Desktop/mecanumbot_new/install/mecanumbot_msgs/include/mecanumbot_msgs/mecanumbot_msgs/msg/detail/open_cr_state__traits.hpp
[18.214s] -- Symlinking: /home/rehawild/Desktop/mecanumbot_new/install/mecanumbot_msgs/include/mecanumbot_msgs/mecanumbot_msgs/msg/detail/open_cr_state__type_support.hpp
[18.229s] -- Symlinking: /home/rehawild/Desktop/mecanumbot_new/install/mecanumbot_msgs/include/mecanumbot_msgs/mecanumbot_msgs/msg/detail/sensor_state__builder.hpp
[18.244s] -- Symlinking: /home/rehawild/Desktop/mecanumbot_new/install/mecanumbot_msgs/include/mecanumbot_msgs/mecanumbot_msgs/msg/detail/sensor_state__struct.hpp
[18.260s] -- Symlinking: /home/rehawild/Desktop/mecanumbot_new/install/mecanumbot_msgs/include/mecanumbot_msgs/mecanumbot_msgs/msg/detail/sensor_state__traits.hpp
[18.274s] -- Symlinking: /home/rehawild/Desktop/mecanumbot_new/install/mecanumbot_msgs/include/mecanumbot_msgs/mecanumbot_msgs/msg/detail/sensor_state__type_support.hpp
[18.290s] -- Symlinking: /home/rehawild/Desktop/mecanumbot_new/install/mecanumbot_msgs/include/mecanumbot_msgs/mecanumbot_msgs/msg/open_cr_state.hpp
[18.304s] -- Symlinking: /home/rehawild/Desktop/mecanumbot_new/install/mecanumbot_msgs/include/mecanumbot_msgs/mecanumbot_msgs/msg/rosidl_generator_cpp__visibility_control.hpp
[18.319s] -- Symlinking: /home/rehawild/Desktop/mecanumbot_new/install/mecanumbot_msgs/include/mecanumbot_msgs/mecanumbot_msgs/msg/sensor_state.hpp
[18.333s] -- Symlinking: /home/rehawild/Desktop/mecanumbot_new/install/mecanumbot_msgs/include/mecanumbot_msgs/mecanumbot_msgs/srv/detail/get_led_status__builder.hpp
[18.348s] -- Symlinking: /home/rehawild/Desktop/mecanumbot_new/install/mecanumbot_msgs/include/mecanumbot_msgs/mecanumbot_msgs/srv/detail/get_led_status__struct.hpp
[18.362s] -- Symlinking: /home/rehawild/Desktop/mecanumbot_new/install/mecanumbot_msgs/include/mecanumbot_msgs/mecanumbot_msgs/srv/detail/get_led_status__traits.hpp
[18.378s] -- Symlinking: /home/rehawild/Desktop/mecanumbot_new/install/mecanumbot_msgs/include/mecanumbot_msgs/mecanumbot_msgs/srv/detail/get_led_status__type_support.hpp
[18.394s] -- Symlinking: /home/rehawild/Desktop/mecanumbot_new/install/mecanumbot_msgs/include/mecanumbot_msgs/mecanumbot_msgs/srv/detail/set_led_status__builder.hpp
[18.410s] -- Symlinking: /home/rehawild/Desktop/mecanumbot_new/install/mecanumbot_msgs/include/mecanumbot_msgs/mecanumbot_msgs/srv/detail/set_led_status__struct.hpp
[18.422s] -- Symlinking: /home/rehawild/Desktop/mecanumbot_new/install/mecanumbot_msgs/include/mecanumbot_msgs/mecanumbot_msgs/srv/detail/set_led_status__traits.hpp
[18.431s] -- Symlinking: /home/rehawild/Desktop/mecanumbot_new/install/mecanumbot_msgs/include/mecanumbot_msgs/mecanumbot_msgs/srv/detail/set_led_status__type_support.hpp
[18.441s] -- Symlinking: /home/rehawild/Desktop/mecanumbot_new/install/mecanumbot_msgs/include/mecanumbot_msgs/mecanumbot_msgs/srv/get_led_status.hpp
[18.449s] -- Symlinking: /home/rehawild/Desktop/mecanumbot_new/install/mecanumbot_msgs/include/mecanumbot_msgs/mecanumbot_msgs/srv/set_led_status.hpp
[18.457s] -- Symlinking: /home/rehawild/Desktop/mecanumbot_new/install/mecanumbot_msgs/include/mecanumbot_msgs/mecanumbot_msgs/msg/detail/access_motor_cmd__rosidl_typesupport_fastrtps_cpp.hpp
[18.464s] -- Symlinking: /home/rehawild/Desktop/mecanumbot_new/install/mecanumbot_msgs/include/mecanumbot_msgs/mecanumbot_msgs/msg/detail/open_cr_state__rosidl_typesupport_fastrtps_cpp.hpp
[18.475s] -- Symlinking: /home/rehawild/Desktop/mecanumbot_new/install/mecanumbot_msgs/include/mecanumbot_msgs/mecanumbot_msgs/msg/detail/sensor_state__rosidl_typesupport_fastrtps_cpp.hpp
[18.482s] -- Symlinking: /home/rehawild/Desktop/mecanumbot_new/install/mecanumbot_msgs/include/mecanumbot_msgs/mecanumbot_msgs/msg/rosidl_typesupport_fastrtps_cpp__visibility_control.h
[18.488s] -- Symlinking: /home/rehawild/Desktop/mecanumbot_new/install/mecanumbot_msgs/include/mecanumbot_msgs/mecanumbot_msgs/srv/detail/get_led_status__rosidl_typesupport_fastrtps_cpp.hpp
[18.499s] -- Symlinking: /home/rehawild/Desktop/mecanumbot_new/install/mecanumbot_msgs/include/mecanumbot_msgs/mecanumbot_msgs/srv/detail/set_led_status__rosidl_typesupport_fastrtps_cpp.hpp
[18.525s] -- Symlinking: /home/rehawild/Desktop/mecanumbot_new/install/mecanumbot_msgs/include/mecanumbot_msgs/mecanumbot_msgs/msg/detail/access_motor_cmd__rosidl_typesupport_introspection_cpp.hpp
[18.539s] -- Symlinking: /home/rehawild/Desktop/mecanumbot_new/install/mecanumbot_msgs/include/mecanumbot_msgs/mecanumbot_msgs/msg/detail/open_cr_state__rosidl_typesupport_introspection_cpp.hpp
[18.553s] -- Symlinking: /home/rehawild/Desktop/mecanumbot_new/install/mecanumbot_msgs/include/mecanumbot_msgs/mecanumbot_msgs/msg/detail/sensor_state__rosidl_typesupport_introspection_cpp.hpp
[18.566s] -- Symlinking: /home/rehawild/Desktop/mecanumbot_new/install/mecanumbot_msgs/include/mecanumbot_msgs/mecanumbot_msgs/srv/detail/get_led_status__rosidl_typesupport_introspection_cpp.hpp
[18.582s] -- Symlinking: /home/rehawild/Desktop/mecanumbot_new/install/mecanumbot_msgs/include/mecanumbot_msgs/mecanumbot_msgs/srv/detail/set_led_status__rosidl_typesupport_introspection_cpp.hpp
[18.594s] -- Symlinking: /home/rehawild/Desktop/mecanumbot_new/install/mecanumbot_msgs/share/mecanumbot_msgs/environment/pythonpath.sh
[18.607s] -- Symlinking: /home/rehawild/Desktop/mecanumbot_new/install/mecanumbot_msgs/share/mecanumbot_msgs/environment/pythonpath.dsv
[18.622s] -- Symlinking: /home/rehawild/Desktop/mecanumbot_new/install/mecanumbot_msgs/local/lib/python3.10/dist-packages/mecanumbot_msgs-0.0.1-py3.10.egg-info/PKG-INFO
[18.636s] -- Symlinking: /home/rehawild/Desktop/mecanumbot_new/install/mecanumbot_msgs/local/lib/python3.10/dist-packages/mecanumbot_msgs-0.0.1-py3.10.egg-info/SOURCES.txt
[18.652s] -- Symlinking: /home/rehawild/Desktop/mecanumbot_new/install/mecanumbot_msgs/local/lib/python3.10/dist-packages/mecanumbot_msgs-0.0.1-py3.10.egg-info/dependency_links.txt
[18.671s] -- Symlinking: /home/rehawild/Desktop/mecanumbot_new/install/mecanumbot_msgs/local/lib/python3.10/dist-packages/mecanumbot_msgs-0.0.1-py3.10.egg-info/top_level.txt
[18.696s] -- Symlinking: /home/rehawild/Desktop/mecanumbot_new/install/mecanumbot_msgs/local/lib/python3.10/dist-packages/mecanumbot_msgs/__init__.py
[18.722s] -- Symlinking: /home/rehawild/Desktop/mecanumbot_new/install/mecanumbot_msgs/local/lib/python3.10/dist-packages/mecanumbot_msgs/_mecanumbot_msgs_s.ep.rosidl_typesupport_c.c
[18.749s] -- Symlinking: /home/rehawild/Desktop/mecanumbot_new/install/mecanumbot_msgs/local/lib/python3.10/dist-packages/mecanumbot_msgs/_mecanumbot_msgs_s.ep.rosidl_typesupport_fastrtps_c.c
[18.775s] -- Symlinking: /home/rehawild/Desktop/mecanumbot_new/install/mecanumbot_msgs/local/lib/python3.10/dist-packages/mecanumbot_msgs/_mecanumbot_msgs_s.ep.rosidl_typesupport_introspection_c.c
[18.801s] -- Symlinking: /home/rehawild/Desktop/mecanumbot_new/install/mecanumbot_msgs/local/lib/python3.10/dist-packages/mecanumbot_msgs/libmecanumbot_msgs__rosidl_generator_py.so
[18.828s] -- Symlinking: /home/rehawild/Desktop/mecanumbot_new/install/mecanumbot_msgs/local/lib/python3.10/dist-packages/mecanumbot_msgs/mecanumbot_msgs_s__rosidl_typesupport_c.cpython-310-x86_64-linux-gnu.so
[18.854s] -- Symlinking: /home/rehawild/Desktop/mecanumbot_new/install/mecanumbot_msgs/local/lib/python3.10/dist-packages/mecanumbot_msgs/mecanumbot_msgs_s__rosidl_typesupport_fastrtps_c.cpython-310-x86_64-linux-gnu.so
[18.884s] -- Symlinking: /home/rehawild/Desktop/mecanumbot_new/install/mecanumbot_msgs/local/lib/python3.10/dist-packages/mecanumbot_msgs/mecanumbot_msgs_s__rosidl_typesupport_introspection_c.cpython-310-x86_64-linux-gnu.so
[18.915s] -- Symlinking: /home/rehawild/Desktop/mecanumbot_new/install/mecanumbot_msgs/local/lib/python3.10/dist-packages/mecanumbot_msgs/msg/__init__.py
[18.949s] -- Symlinking: /home/rehawild/Desktop/mecanumbot_new/install/mecanumbot_msgs/local/lib/python3.10/dist-packages/mecanumbot_msgs/msg/_access_motor_cmd.py
[18.981s] -- Symlinking: /home/rehawild/Desktop/mecanumbot_new/install/mecanumbot_msgs/local/lib/python3.10/dist-packages/mecanumbot_msgs/msg/_access_motor_cmd_s.c
[19.011s] -- Symlinking: /home/rehawild/Desktop/mecanumbot_new/install/mecanumbot_msgs/local/lib/python3.10/dist-packages/mecanumbot_msgs/msg/_open_cr_state.py
[19.040s] -- Symlinking: /home/rehawild/Desktop/mecanumbot_new/install/mecanumbot_msgs/local/lib/python3.10/dist-packages/mecanumbot_msgs/msg/_open_cr_state_s.c
[19.068s] -- Symlinking: /home/rehawild/Desktop/mecanumbot_new/install/mecanumbot_msgs/local/lib/python3.10/dist-packages/mecanumbot_msgs/msg/_sensor_state.py
[19.094s] -- Symlinking: /home/rehawild/Desktop/mecanumbot_new/install/mecanumbot_msgs/local/lib/python3.10/dist-packages/mecanumbot_msgs/msg/_sensor_state_s.c
[19.121s] -- Symlinking: /home/rehawild/Desktop/mecanumbot_new/install/mecanumbot_msgs/local/lib/python3.10/dist-packages/mecanumbot_msgs/srv/__init__.py
[19.147s] -- Symlinking: /home/rehawild/Desktop/mecanumbot_new/install/mecanumbot_msgs/local/lib/python3.10/dist-packages/mecanumbot_msgs/srv/_get_led_status.py
[19.175s] -- Symlinking: /home/rehawild/Desktop/mecanumbot_new/install/mecanumbot_msgs/local/lib/python3.10/dist-packages/mecanumbot_msgs/srv/_get_led_status_s.c
[19.205s] -- Symlinking: /home/rehawild/Desktop/mecanumbot_new/install/mecanumbot_msgs/local/lib/python3.10/dist-packages/mecanumbot_msgs/srv/_set_led_status.py
[19.234s] -- Symlinking: /home/rehawild/Desktop/mecanumbot_new/install/mecanumbot_msgs/local/lib/python3.10/dist-packages/mecanumbot_msgs/srv/_set_led_status_s.c
[19.263s] -- Up-to-date symlink: /home/rehawild/Desktop/mecanumbot_new/install/mecanumbot_msgs/local/lib/python3.10/dist-packages/mecanumbot_msgs/mecanumbot_msgs_s__rosidl_typesupport_fastrtps_c.cpython-310-x86_64-linux-gnu.so
[19.264s] -- Up-to-date symlink: /home/rehawild/Desktop/mecanumbot_new/install/mecanumbot_msgs/local/lib/python3.10/dist-packages/mecanumbot_msgs/mecanumbot_msgs_s__rosidl_typesupport_introspection_c.cpython-310-x86_64-linux-gnu.so
[19.265s] -- Up-to-date symlink: /home/rehawild/Desktop/mecanumbot_new/install/mecanumbot_msgs/local/lib/python3.10/dist-packages/mecanumbot_msgs/mecanumbot_msgs_s__rosidl_typesupport_c.cpython-310-x86_64-linux-gnu.so
[19.267s] -- Symlinking: /home/rehawild/Desktop/mecanumbot_new/install/mecanumbot_msgs/share/mecanumbot_msgs/msg/SensorState.idl
[19.293s] -- Symlinking: /home/rehawild/Desktop/mecanumbot_new/install/mecanumbot_msgs/share/mecanumbot_msgs/msg/AccessMotorCmd.idl
[19.320s] -- Symlinking: /home/rehawild/Desktop/mecanumbot_new/install/mecanumbot_msgs/share/mecanumbot_msgs/msg/OpenCRState.idl
[19.346s] -- Symlinking: /home/rehawild/Desktop/mecanumbot_new/install/mecanumbot_msgs/share/mecanumbot_msgs/srv/GetLedStatus.idl
[19.374s] -- Symlinking: /home/rehawild/Desktop/mecanumbot_new/install/mecanumbot_msgs/share/mecanumbot_msgs/srv/SetLedStatus.idl
[19.399s] -- Symlinking: /home/rehawild/Desktop/mecanumbot_new/install/mecanumbot_msgs/share/mecanumbot_msgs/msg/SensorState.msg
[19.427s] -- Symlinking: /home/rehawild/Desktop/mecanumbot_new/install/mecanumbot_msgs/share/mecanumbot_msgs/msg/AccessMotorCmd.msg
[19.455s] -- Symlinking: /home/rehawild/Desktop/mecanumbot_new/install/mecanumbot_msgs/share/mecanumbot_msgs/msg/OpenCRState.msg
[19.484s] -- Symlinking: /home/rehawild/Desktop/mecanumbot_new/install/mecanumbot_msgs/share/mecanumbot_msgs/srv/GetLedStatus.srv
[19.512s] -- Symlinking: /home/rehawild/Desktop/mecanumbot_new/install/mecanumbot_msgs/share/mecanumbot_msgs/srv/GetLedStatus_Request.msg
[19.537s] -- Symlinking: /home/rehawild/Desktop/mecanumbot_new/install/mecanumbot_msgs/share/mecanumbot_msgs/srv/GetLedStatus_Response.msg
[19.563s] -- Symlinking: /home/rehawild/Desktop/mecanumbot_new/install/mecanumbot_msgs/share/mecanumbot_msgs/srv/SetLedStatus.srv
[19.590s] -- Symlinking: /home/rehawild/Desktop/mecanumbot_new/install/mecanumbot_msgs/share/mecanumbot_msgs/srv/SetLedStatus_Request.msg
[19.616s] -- Symlinking: /home/rehawild/Desktop/mecanumbot_new/install/mecanumbot_msgs/share/mecanumbot_msgs/srv/SetLedStatus_Response.msg
[19.644s] -- Symlinking: /home/rehawild/Desktop/mecanumbot_new/install/mecanumbot_msgs/share/ament_index/resource_index/package_run_dependencies/mecanumbot_msgs
[19.676s] -- Symlinking: /home/rehawild/Desktop/mecanumbot_new/install/mecanumbot_msgs/share/ament_index/resource_index/parent_prefix_path/mecanumbot_msgs
[19.706s] -- Symlinking: /home/rehawild/Desktop/mecanumbot_new/install/mecanumbot_msgs/share/mecanumbot_msgs/environment/ament_prefix_path.sh
[19.733s] -- Symlinking: /home/rehawild/Desktop/mecanumbot_new/install/mecanumbot_msgs/share/mecanumbot_msgs/environment/ament_prefix_path.dsv
[19.764s] -- Symlinking: /home/rehawild/Desktop/mecanumbot_new/install/mecanumbot_msgs/share/mecanumbot_msgs/environment/path.sh
[19.791s] -- Symlinking: /home/rehawild/Desktop/mecanumbot_new/install/mecanumbot_msgs/share/mecanumbot_msgs/environment/path.dsv
[19.818s] -- Symlinking: /home/rehawild/Desktop/mecanumbot_new/install/mecanumbot_msgs/share/mecanumbot_msgs/local_setup.bash
[19.845s] -- Symlinking: /home/rehawild/Desktop/mecanumbot_new/install/mecanumbot_msgs/share/mecanumbot_msgs/local_setup.sh
[19.874s] -- Symlinking: /home/rehawild/Desktop/mecanumbot_new/install/mecanumbot_msgs/share/mecanumbot_msgs/local_setup.zsh
[19.905s] -- Symlinking: /home/rehawild/Desktop/mecanumbot_new/install/mecanumbot_msgs/share/mecanumbot_msgs/local_setup.dsv
[19.932s] -- Symlinking: /home/rehawild/Desktop/mecanumbot_new/install/mecanumbot_msgs/share/mecanumbot_msgs/package.dsv
[19.959s] -- Symlinking: /home/rehawild/Desktop/mecanumbot_new/install/mecanumbot_msgs/share/ament_index/resource_index/packages/mecanumbot_msgs
[19.988s] -- Symlinking: /home/rehawild/Desktop/mecanumbot_new/install/mecanumbot_msgs/share/mecanumbot_msgs/cmake/rosidl_cmake-extras.cmake
[20.018s] -- Symlinking: /home/rehawild/Desktop/mecanumbot_new/install/mecanumbot_msgs/share/mecanumbot_msgs/cmake/ament_cmake_export_dependencies-extras.cmake
[20.045s] -- Symlinking: /home/rehawild/Desktop/mecanumbot_new/install/mecanumbot_msgs/share/mecanumbot_msgs/cmake/ament_cmake_export_include_directories-extras.cmake
[20.074s] -- Symlinking: /home/rehawild/Desktop/mecanumbot_new/install/mecanumbot_msgs/share/mecanumbot_msgs/cmake/ament_cmake_export_libraries-extras.cmake
[20.102s] -- Symlinking: /home/rehawild/Desktop/mecanumbot_new/install/mecanumbot_msgs/share/mecanumbot_msgs/cmake/ament_cmake_export_targets-extras.cmake
[20.135s] -- Symlinking: /home/rehawild/Desktop/mecanumbot_new/install/mecanumbot_msgs/share/mecanumbot_msgs/cmake/rosidl_cmake_export_typesupport_targets-extras.cmake
[20.164s] -- Symlinking: /home/rehawild/Desktop/mecanumbot_new/install/mecanumbot_msgs/share/mecanumbot_msgs/cmake/rosidl_cmake_export_typesupport_libraries-extras.cmake
[20.193s] -- Symlinking: /home/rehawild/Desktop/mecanumbot_new/install/mecanumbot_msgs/share/mecanumbot_msgs/cmake/mecanumbot_msgsConfig.cmake
[20.225s] -- Symlinking: /home/rehawild/Desktop/mecanumbot_new/install/mecanumbot_msgs/share/mecanumbot_msgs/cmake/mecanumbot_msgsConfig-version.cmake
[20.253s] -- Symlinking: /home/rehawild/Desktop/mecanumbot_new/install/mecanumbot_msgs/share/mecanumbot_msgs/package.xml
[20.282s] -- Installing: /home/rehawild/Desktop/mecanumbot_new/install/mecanumbot_msgs/lib/libmecanumbot_msgs__rosidl_generator_c.so
[20.283s] -- Set runtime path of "/home/rehawild/Desktop/mecanumbot_new/install/mecanumbot_msgs/lib/libmecanumbot_msgs__rosidl_generator_c.so" to ""
[20.283s] -- Installing: /home/rehawild/Desktop/mecanumbot_new/install/mecanumbot_msgs/lib/libmecanumbot_msgs__rosidl_typesupport_fastrtps_c.so
[20.284s] -- Set runtime path of "/home/rehawild/Desktop/mecanumbot_new/install/mecanumbot_msgs/lib/libmecanumbot_msgs__rosidl_typesupport_fastrtps_c.so" to ""
[20.285s] -- Installing: /home/rehawild/Desktop/mecanumbot_new/install/mecanumbot_msgs/lib/libmecanumbot_msgs__rosidl_typesupport_introspection_c.so
[20.286s] -- Set runtime path of "/home/rehawild/Desktop/mecanumbot_new/install/mecanumbot_msgs/lib/libmecanumbot_msgs__rosidl_typesupport_introspection_c.so" to ""
[20.286s] -- Installing: /home/rehawild/Desktop/mecanumbot_new/install/mecanumbot_msgs/lib/libmecanumbot_msgs__rosidl_typesupport_c.so
[20.287s] -- Set runtime path of "/home/rehawild/Desktop/mecanumbot_new/install/mecanumbot_msgs/lib/libmecanumbot_msgs__rosidl_typesupport_c.so" to ""
[20.287s] -- Installing: /home/rehawild/Desktop/mecanumbot_new/install/mecanumbot_msgs/lib/libmecanumbot_msgs__rosidl_typesupport_fastrtps_cpp.so
[20.288s] -- Set runtime path of "/home/rehawild/Desktop/mecanumbot_new/install/mecanumbot_msgs/lib/libmecanumbot_msgs__rosidl_typesupport_fastrtps_cpp.so" to ""
[20.288s] -- Installing: /home/rehawild/Desktop/mecanumbot_new/install/mecanumbot_msgs/lib/libmecanumbot_msgs__rosidl_typesupport_introspection_cpp.so
[20.290s] -- Set runtime path of "/home/rehawild/Desktop/mecanumbot_new/install/mecanumbot_msgs/lib/libmecanumbot_msgs__rosidl_typesupport_introspection_cpp.so" to ""
[20.290s] -- Installing: /home/rehawild/Desktop/mecanumbot_new/install/mecanumbot_msgs/lib/libmecanumbot_msgs__rosidl_typesupport_cpp.so
[20.291s] -- Set runtime path of "/home/rehawild/Desktop/mecanumbot_new/install/mecanumbot_msgs/lib/libmecanumbot_msgs__rosidl_typesupport_cpp.so" to ""
[20.477s] Listing '/home/rehawild/Desktop/mecanumbot_new/install/mecanumbot_msgs/local/lib/python3.10/dist-packages/mecanumbot_msgs'...
[20.477s] Compiling '/home/rehawild/Desktop/mecanumbot_new/install/mecanumbot_msgs/local/lib/python3.10/dist-packages/mecanumbot_msgs/__init__.py'...
[20.477s] Listing '/home/rehawild/Desktop/mecanumbot_new/install/mecanumbot_msgs/local/lib/python3.10/dist-packages/mecanumbot_msgs/msg'...
[20.478s] Compiling '/home/rehawild/Desktop/mecanumbot_new/install/mecanumbot_msgs/local/lib/python3.10/dist-packages/mecanumbot_msgs/msg/__init__.py'...
[20.478s] Compiling '/home/rehawild/Desktop/mecanumbot_new/install/mecanumbot_msgs/local/lib/python3.10/dist-packages/mecanumbot_msgs/msg/_access_motor_cmd.py'...
[20.478s] Compiling '/home/rehawild/Desktop/mecanumbot_new/install/mecanumbot_msgs/local/lib/python3.10/dist-packages/mecanumbot_msgs/msg/_open_cr_state.py'...
[20.478s] Compiling '/home/rehawild/Desktop/mecanumbot_new/install/mecanumbot_msgs/local/lib/python3.10/dist-packages/mecanumbot_msgs/msg/_sensor_state.py'...
[20.478s] Listing '/home/rehawild/Desktop/mecanumbot_new/install/mecanumbot_msgs/local/lib/python3.10/dist-packages/mecanumbot_msgs/srv'...
[20.478s] Compiling '/home/rehawild/Desktop/mecanumbot_new/install/mecanumbot_msgs/local/lib/python3.10/dist-packages/mecanumbot_msgs/srv/__init__.py'...
[20.478s] Compiling '/home/rehawild/Desktop/mecanumbot_new/install/mecanumbot_msgs/local/lib/python3.10/dist-packages/mecanumbot_msgs/srv/_get_led_status.py'...
[20.479s] Compiling '/home/rehawild/Desktop/mecanumbot_new/install/mecanumbot_msgs/local/lib/python3.10/dist-packages/mecanumbot_msgs/srv/_set_led_status.py'...
[20.487s] -- Installing: /home/rehawild/Desktop/mecanumbot_new/install/mecanumbot_msgs/lib/libmecanumbot_msgs__rosidl_generator_py.so
[20.488s] -- Set runtime path of "/home/rehawild/Desktop/mecanumbot_new/install/mecanumbot_msgs/lib/libmecanumbot_msgs__rosidl_generator_py.so" to ""
[20.488s] -- Installing: /home/rehawild/Desktop/mecanumbot_new/install/mecanumbot_msgs/share/mecanumbot_msgs/cmake/export_mecanumbot_msgs__rosidl_generator_cExport.cmake
[20.488s] -- Installing: /home/rehawild/Desktop/mecanumbot_new/install/mecanumbot_msgs/share/mecanumbot_msgs/cmake/export_mecanumbot_msgs__rosidl_generator_cExport-noconfig.cmake
[20.489s] -- Installing: /home/rehawild/Desktop/mecanumbot_new/install/mecanumbot_msgs/share/mecanumbot_msgs/cmake/export_mecanumbot_msgs__rosidl_typesupport_fastrtps_cExport.cmake
[20.489s] -- Installing: /home/rehawild/Desktop/mecanumbot_new/install/mecanumbot_msgs/share/mecanumbot_msgs/cmake/export_mecanumbot_msgs__rosidl_typesupport_fastrtps_cExport-noconfig.cmake
[20.489s] -- Installing: /home/rehawild/Desktop/mecanumbot_new/install/mecanumbot_msgs/share/mecanumbot_msgs/cmake/mecanumbot_msgs__rosidl_typesupport_introspection_cExport.cmake
[20.489s] -- Installing: /home/rehawild/Desktop/mecanumbot_new/install/mecanumbot_msgs/share/mecanumbot_msgs/cmake/mecanumbot_msgs__rosidl_typesupport_introspection_cExport-noconfig.cmake
[20.490s] -- Installing: /home/rehawild/Desktop/mecanumbot_new/install/mecanumbot_msgs/share/mecanumbot_msgs/cmake/mecanumbot_msgs__rosidl_typesupport_cExport.cmake
[20.490s] -- Installing: /home/rehawild/Desktop/mecanumbot_new/install/mecanumbot_msgs/share/mecanumbot_msgs/cmake/mecanumbot_msgs__rosidl_typesupport_cExport-noconfig.cmake
[20.491s] -- Installing: /home/rehawild/Desktop/mecanumbot_new/install/mecanumbot_msgs/share/mecanumbot_msgs/cmake/export_mecanumbot_msgs__rosidl_generator_cppExport.cmake
[20.491s] -- Installing: /home/rehawild/Desktop/mecanumbot_new/install/mecanumbot_msgs/share/mecanumbot_msgs/cmake/export_mecanumbot_msgs__rosidl_typesupport_fastrtps_cppExport.cmake
[20.492s] -- Installing: /home/rehawild/Desktop/mecanumbot_new/install/mecanumbot_msgs/share/mecanumbot_msgs/cmake/export_mecanumbot_msgs__rosidl_typesupport_fastrtps_cppExport-noconfig.cmake
[20.493s] -- Installing: /home/rehawild/Desktop/mecanumbot_new/install/mecanumbot_msgs/share/mecanumbot_msgs/cmake/mecanumbot_msgs__rosidl_typesupport_introspection_cppExport.cmake
[20.494s] -- Installing: /home/rehawild/Desktop/mecanumbot_new/install/mecanumbot_msgs/share/mecanumbot_msgs/cmake/mecanumbot_msgs__rosidl_typesupport_introspection_cppExport-noconfig.cmake
[20.494s] -- Installing: /home/rehawild/Desktop/mecanumbot_new/install/mecanumbot_msgs/share/mecanumbot_msgs/cmake/mecanumbot_msgs__rosidl_typesupport_cppExport.cmake
[20.495s] -- Installing: /home/rehawild/Desktop/mecanumbot_new/install/mecanumbot_msgs/share/mecanumbot_msgs/cmake/mecanumbot_msgs__rosidl_typesupport_cppExport-noconfig.cmake
[20.495s] -- Installing: /home/rehawild/Desktop/mecanumbot_new/install/mecanumbot_msgs/share/mecanumbot_msgs/cmake/export_mecanumbot_msgs__rosidl_generator_pyExport.cmake
[20.495s] -- Installing: /home/rehawild/Desktop/mecanumbot_new/install/mecanumbot_msgs/share/mecanumbot_msgs/cmake/export_mecanumbot_msgs__rosidl_generator_pyExport-noconfig.cmake
[20.498s] Invoked command in '/home/rehawild/Desktop/mecanumbot_new/build/mecanumbot_msgs' returned '0': CMAKE_PREFIX_PATH=${CMAKE_PREFIX_PATH}:/home/rehawild/Desktop/mecanumbot_new/install/mecanumbot_teleop:/home/rehawild/Desktop/mecanumbot_new/install/mecanumbot_sensorprocess_smart:/home/rehawild/Desktop/mecanumbot_new/install/mecanumbot_ledgui:/home/rehawild/Desktop/mecanumbot_new/install/mecanumbot_led:/home/rehawild/Desktop/mecanumbot_new/install/mecanumbot_monitor:/home/rehawild/Desktop/mecanumbot_new/install/mecanumbot_leading_behaviour:/home/rehawild/Desktop/mecanumbot_new/install/mecanumbot_core:/home/rehawild/ros2_ws/install/my_py_pkg:/opt/ros/humble /usr/bin/cmake --install /home/rehawild/Desktop/mecanumbot_new/build/mecanumbot_msgs
