-- The C compiler identification is GNU 11.4.0
-- The CXX compiler identification is GNU 11.4.0
-- Detecting C compiler ABI info
-- Detecting C compiler ABI info - done
-- Check for working C compiler: /usr/bin/cc - skipped
-- Detecting C compile features
-- Detecting C compile features - done
-- Detecting CXX compiler ABI info
-- Detecting CXX compiler ABI info - done
-- Check for working CXX compiler: /usr/bin/c++ - skipped
-- Detecting CXX compile features
-- Detecting CXX compile features - done
-- Found ament_cmake: 1.3.13 (/opt/ros/humble/share/ament_cmake/cmake)
-- Found Python3: /usr/bin/python3 (found version "3.10.12") found components: Interpreter 
-- Override CMake install command with custom implementation using symlinks instead of copying resources
-- Found ament_lint_auto: 0.12.15 (/opt/ros/humble/share/ament_lint_auto/cmake)
-- Added test 'lint_cmake' to check CMake code style
-- Added test 'xmllint' to check XML markup files
-- Configuring done
-- Generating done
-- Build files have been written to: /home/rehawild/Desktop/mecanumbot_new/build/mecanumbot_behaviours
-- Install configuration: ""
-- Execute custom install script
-- Symlinking: /home/rehawild/Desktop/mecanumbot_new/install/mecanumbot_behaviours/share/ament_index/resource_index/package_run_dependencies/mecanumbot_behaviours
-- Symlinking: /home/rehawild/Desktop/mecanumbot_new/install/mecanumbot_behaviours/share/ament_index/resource_index/parent_prefix_path/mecanumbot_behaviours
-- Symlinking: /home/rehawild/Desktop/mecanumbot_new/install/mecanumbot_behaviours/share/mecanumbot_behaviours/environment/ament_prefix_path.sh
-- Symlinking: /home/rehawild/Desktop/mecanumbot_new/install/mecanumbot_behaviours/share/mecanumbot_behaviours/environment/ament_prefix_path.dsv
-- Symlinking: /home/rehawild/Desktop/mecanumbot_new/install/mecanumbot_behaviours/share/mecanumbot_behaviours/environment/path.sh
-- Symlinking: /home/rehawild/Desktop/mecanumbot_new/install/mecanumbot_behaviours/share/mecanumbot_behaviours/environment/path.dsv
-- Symlinking: /home/rehawild/Desktop/mecanumbot_new/install/mecanumbot_behaviours/share/mecanumbot_behaviours/local_setup.bash
-- Symlinking: /home/rehawild/Desktop/mecanumbot_new/install/mecanumbot_behaviours/share/mecanumbot_behaviours/local_setup.sh
-- Symlinking: /home/rehawild/Desktop/mecanumbot_new/install/mecanumbot_behaviours/share/mecanumbot_behaviours/local_setup.zsh
-- Symlinking: /home/rehawild/Desktop/mecanumbot_new/install/mecanumbot_behaviours/share/mecanumbot_behaviours/local_setup.dsv
-- Symlinking: /home/rehawild/Desktop/mecanumbot_new/install/mecanumbot_behaviours/share/mecanumbot_behaviours/package.dsv
-- Symlinking: /home/rehawild/Desktop/mecanumbot_new/install/mecanumbot_behaviours/share/ament_index/resource_index/packages/mecanumbot_behaviours
-- Symlinking: /home/rehawild/Desktop/mecanumbot_new/install/mecanumbot_behaviours/share/mecanumbot_behaviours/cmake/mecanumbot_behavioursConfig.cmake
-- Symlinking: /home/rehawild/Desktop/mecanumbot_new/install/mecanumbot_behaviours/share/mecanumbot_behaviours/cmake/mecanumbot_behavioursConfig-version.cmake
-- Symlinking: /home/rehawild/Desktop/mecanumbot_new/install/mecanumbot_behaviours/share/mecanumbot_behaviours/package.xml
