running develop
running egg_info
creating mecanumbot_leading_behaviour.egg-info
writing mecanumbot_leading_behaviour.egg-info/PKG-INFO
writing dependency_links to mecanumbot_leading_behaviour.egg-info/dependency_links.txt
writing entry points to mecanumbot_leading_behaviour.egg-info/entry_points.txt
writing requirements to mecanumbot_leading_behaviour.egg-info/requires.txt
writing top-level names to mecanumbot_leading_behaviour.egg-info/top_level.txt
writing manifest file 'mecanumbot_leading_behaviour.egg-info/SOURCES.txt'
reading manifest file 'mecanumbot_leading_behaviour.egg-info/SOURCES.txt'
writing manifest file 'mecanumbot_leading_behaviour.egg-info/SOURCES.txt'
running build_ext
Creating /home/rehawild/Desktop/mecanumbot_new/install/mecanumbot_leading_behaviour/lib/python3.10/site-packages/mecanumbot-leading-behaviour.egg-link (link to .)
Installing LED_leading_bt_node script to /home/rehawild/Desktop/mecanumbot_new/install/mecanumbot_leading_behaviour/lib/mecanumbot_leading_behaviour
Installing bottom_up_tree_node script to /home/rehawild/Desktop/mecanumbot_new/install/mecanumbot_leading_behaviour/lib/mecanumbot_leading_behaviour
Installing control_leading_bt_node script to /home/rehawild/Desktop/mecanumbot_new/install/mecanumbot_leading_behaviour/lib/mecanumbot_leading_behaviour
Installing doglike_leading_bt_node script to /home/rehawild/Desktop/mecanumbot_new/install/mecanumbot_leading_behaviour/lib/mecanumbot_leading_behaviour

Installed /home/rehawild/Desktop/mecanumbot_new/build/mecanumbot_leading_behaviour
running symlink_data
creating /home/rehawild/Desktop/mecanumbot_new/install/mecanumbot_leading_behaviour/share/ament_index
creating /home/rehawild/Desktop/mecanumbot_new/install/mecanumbot_leading_behaviour/share/ament_index/resource_index
creating /home/rehawild/Desktop/mecanumbot_new/install/mecanumbot_leading_behaviour/share/ament_index/resource_index/packages
symbolically linking /home/rehawild/Desktop/mecanumbot_new/build/mecanumbot_leading_behaviour/resource/mecanumbot_leading_behaviour -> /home/rehawild/Desktop/mecanumbot_new/install/mecanumbot_leading_behaviour/share/ament_index/resource_index/packages
symbolically linking /home/rehawild/Desktop/mecanumbot_new/build/mecanumbot_leading_behaviour/package.xml -> /home/rehawild/Desktop/mecanumbot_new/install/mecanumbot_leading_behaviour/share/mecanumbot_leading_behaviour
creating /home/rehawild/Desktop/mecanumbot_new/install/mecanumbot_leading_behaviour/share/mecanumbot_leading_behaviour/launch
symbolically linking /home/rehawild/Desktop/mecanumbot_new/build/mecanumbot_leading_behaviour/launch/launch_control_sequence.launch.py -> /home/rehawild/Desktop/mecanumbot_new/install/mecanumbot_leading_behaviour/share/mecanumbot_leading_behaviour/launch
symbolically linking /home/rehawild/Desktop/mecanumbot_new/build/mecanumbot_leading_behaviour/launch/launch_doglike_sequence.launch.py -> /home/rehawild/Desktop/mecanumbot_new/install/mecanumbot_leading_behaviour/share/mecanumbot_leading_behaviour/launch
symbolically linking /home/rehawild/Desktop/mecanumbot_new/build/mecanumbot_leading_behaviour/launch/launch_LED_sequence.launch.py -> /home/rehawild/Desktop/mecanumbot_new/install/mecanumbot_leading_behaviour/share/mecanumbot_leading_behaviour/launch
symbolically linking /home/rehawild/Desktop/mecanumbot_new/build/mecanumbot_leading_behaviour/launch/launch_bottomup.launch.py -> /home/rehawild/Desktop/mecanumbot_new/install/mecanumbot_leading_behaviour/share/mecanumbot_leading_behaviour/launch
creating /home/rehawild/Desktop/mecanumbot_new/install/mecanumbot_leading_behaviour/share/mecanumbot_leading_behaviour/config
symbolically linking /home/rehawild/Desktop/mecanumbot_new/build/mecanumbot_leading_behaviour/config/behaviour_setting_constants.yaml -> /home/rehawild/Desktop/mecanumbot_new/install/mecanumbot_leading_behaviour/share/mecanumbot_leading_behaviour/config
