running develop
running egg_info
creating mecanumbot_sensorprocess_smart.egg-info
writing mecanumbot_sensorprocess_smart.egg-info/PKG-INFO
writing dependency_links to mecanumbot_sensorprocess_smart.egg-info/dependency_links.txt
writing entry points to mecanumbot_sensorprocess_smart.egg-info/entry_points.txt
writing requirements to mecanumbot_sensorprocess_smart.egg-info/requires.txt
writing top-level names to mecanumbot_sensorprocess_smart.egg-info/top_level.txt
writing manifest file 'mecanumbot_sensorprocess_smart.egg-info/SOURCES.txt'
reading manifest file 'mecanumbot_sensorprocess_smart.egg-info/SOURCES.txt'
writing manifest file 'mecanumbot_sensorprocess_smart.egg-info/SOURCES.txt'
running build_ext
Creating /home/rehawild/Desktop/mecanumbot_new/install/mecanumbot_sensorprocess_smart/lib/python3.10/site-packages/mecanumbot-sensorprocess-smart.egg-link (link to .)
Installing mecanumbot_lidar_detect_people script to /home/rehawild/Desktop/mecanumbot_new/install/mecanumbot_sensorprocess_smart/lib/mecanumbot_sensorprocess_smart

Installed /home/rehawild/Desktop/mecanumbot_new/build/mecanumbot_sensorprocess_smart
running symlink_data
creating /home/rehawild/Desktop/mecanumbot_new/install/mecanumbot_sensorprocess_smart/share/ament_index
creating /home/rehawild/Desktop/mecanumbot_new/install/mecanumbot_sensorprocess_smart/share/ament_index/resource_index
creating /home/rehawild/Desktop/mecanumbot_new/install/mecanumbot_sensorprocess_smart/share/ament_index/resource_index/packages
symbolically linking /home/rehawild/Desktop/mecanumbot_new/build/mecanumbot_sensorprocess_smart/resource/mecanumbot_sensorprocess_smart -> /home/rehawild/Desktop/mecanumbot_new/install/mecanumbot_sensorprocess_smart/share/ament_index/resource_index/packages
symbolically linking /home/rehawild/Desktop/mecanumbot_new/build/mecanumbot_sensorprocess_smart/package.xml -> /home/rehawild/Desktop/mecanumbot_new/install/mecanumbot_sensorprocess_smart/share/mecanumbot_sensorprocess_smart
creating /home/rehawild/Desktop/mecanumbot_new/install/mecanumbot_sensorprocess_smart/share/mecanumbot_sensorprocess_smart/config
symbolically linking /home/rehawild/Desktop/mecanumbot_new/build/mecanumbot_sensorprocess_smart/config/lidar_peopledetect_config.yaml -> /home/rehawild/Desktop/mecanumbot_new/install/mecanumbot_sensorprocess_smart/share/mecanumbot_sensorprocess_smart/config
creating /home/rehawild/Desktop/mecanumbot_new/install/mecanumbot_sensorprocess_smart/share/mecanumbot_sensorprocess_smart/models
symbolically linking /home/rehawild/Desktop/mecanumbot_new/build/mecanumbot_sensorprocess_smart/models/dr_spaam_5_on_frog.pth -> /home/rehawild/Desktop/mecanumbot_new/install/mecanumbot_sensorprocess_smart/share/mecanumbot_sensorprocess_smart/models
creating /home/rehawild/Desktop/mecanumbot_new/install/mecanumbot_sensorprocess_smart/share/mecanumbot_sensorprocess_smart/launch
symbolically linking /home/rehawild/Desktop/mecanumbot_new/build/mecanumbot_sensorprocess_smart/launch/mecanumbot_peopledetect.launch.py -> /home/rehawild/Desktop/mecanumbot_new/install/mecanumbot_sensorprocess_smart/share/mecanumbot_sensorprocess_smart/launch
